This file contains any messages produced by compilers while
running configure, to aid debugging if configure makes a mistake.

It was created by configure, which was
generated by GNU Autoconf 2.53.  Invocation command line was

  $ ./configure --prefix=/usr/local --cache-file=/dev/null --srcdir=.

## --------- ##
## Platform. ##
## --------- ##

hostname = suchakra-desktop
uname -m = i686
uname -r = 2.6.28-11-generic
uname -s = Linux
uname -v = #42-Ubuntu SMP Fri Apr 17 01:57:59 UTC 2009

/usr/bin/uname -p = unknown
/bin/uname -X     = unknown

/bin/arch              = unknown
/usr/bin/arch -k       = unknown
/usr/convex/getsysinfo = unknown
hostinfo               = unknown
/bin/machine           = unknown
/usr/bin/oslevel       = unknown
/bin/universe          = unknown

PATH: /usr/local/sbin
PATH: /usr/local/bin
PATH: /usr/sbin
PATH: /usr/bin
PATH: /sbin
PATH: /bin
PATH: /usr/games
PATH: /opt/cross-compiler/usr/local/arm/4.3.2/bin


## ----------- ##
## Core tests. ##
## ----------- ##

configure:1240: checking for gcc
configure:1256: found /usr/bin/gcc
configure:1266: result: gcc
configure:1510: checking for C compiler version
configure:1513: gcc --version </dev/null >&5
gcc (Ubuntu 4.3.3-5ubuntu4) 4.3.3
Copyright (C) 2008 Free Software Foundation, Inc.
This is free software; see the source for copying conditions.  There is NO
warranty; not even for MERCHANTABILITY or FITNESS FOR A PARTICULAR PURPOSE.

configure:1516: $? = 0
configure:1518: gcc -v </dev/null >&5
Using built-in specs.
Target: i486-linux-gnu
Configured with: ../src/configure -v --with-pkgversion='Ubuntu 4.3.3-5ubuntu4' --with-bugurl=file:///usr/share/doc/gcc-4.3/README.Bugs --enable-languages=c,c++,fortran,objc,obj-c++ --prefix=/usr --enable-shared --with-system-zlib --libexecdir=/usr/lib --without-included-gettext --enable-threads=posix --enable-nls --with-gxx-include-dir=/usr/include/c++/4.3 --program-suffix=-4.3 --enable-clocale=gnu --enable-libstdcxx-debug --enable-objc-gc --enable-mpfr --enable-targets=all --with-tune=generic --enable-checking=release --build=i486-linux-gnu --host=i486-linux-gnu --target=i486-linux-gnu
Thread model: posix
gcc version 4.3.3 (Ubuntu 4.3.3-5ubuntu4) 
configure:1521: $? = 0
configure:1523: gcc -V </dev/null >&5
gcc: '-V' option must have argument
configure:1526: $? = 1
configure:1552: checking for C compiler default output
configure:1555: gcc    conftest.c  >&5
configure:1558: $? = 0
configure:1591: result: a.out
configure:1596: checking whether the C compiler works
configure:1602: ./a.out
configure:1605: $? = 0
configure:1620: result: yes
configure:1627: checking whether we are cross compiling
configure:1629: result: no
configure:1632: checking for suffix of executables
configure:1634: gcc -o conftest    conftest.c  >&5
configure:1637: $? = 0
configure:1659: result: 
configure:1665: checking for suffix of object files
configure:1689: gcc -c   conftest.c >&5
configure:1692: $? = 0
configure:1711: result: o
configure:1715: checking whether we are using the GNU C compiler
configure:1742: gcc -c   conftest.c >&5
configure:1745: $? = 0
configure:1748: test -s conftest.o
configure:1751: $? = 0
configure:1763: result: yes
configure:1769: checking whether gcc accepts -g
configure:1793: gcc -c -g  conftest.c >&5
configure:1796: $? = 0
configure:1799: test -s conftest.o
configure:1802: $? = 0
configure:1812: result: yes
configure:1839: gcc -c -g -O2  conftest.c >&5
conftest.c:2: error: expected '=', ',', ';', 'asm' or '__attribute__' before 'me'
configure:1842: $? = 1
configure: failed program was:
#ifndef __cplusplus
  choke me
#endif
configure:2004: checking for g++
configure:2020: found /usr/bin/g++
configure:2030: result: g++
configure:2046: checking for C++ compiler version
configure:2049: g++ --version </dev/null >&5
g++ (Ubuntu 4.3.3-5ubuntu4) 4.3.3
Copyright (C) 2008 Free Software Foundation, Inc.
This is free software; see the source for copying conditions.  There is NO
warranty; not even for MERCHANTABILITY or FITNESS FOR A PARTICULAR PURPOSE.

configure:2052: $? = 0
configure:2054: g++ -v </dev/null >&5
Using built-in specs.
Target: i486-linux-gnu
Configured with: ../src/configure -v --with-pkgversion='Ubuntu 4.3.3-5ubuntu4' --with-bugurl=file:///usr/share/doc/gcc-4.3/README.Bugs --enable-languages=c,c++,fortran,objc,obj-c++ --prefix=/usr --enable-shared --with-system-zlib --libexecdir=/usr/lib --without-included-gettext --enable-threads=posix --enable-nls --with-gxx-include-dir=/usr/include/c++/4.3 --program-suffix=-4.3 --enable-clocale=gnu --enable-libstdcxx-debug --enable-objc-gc --enable-mpfr --enable-targets=all --with-tune=generic --enable-checking=release --build=i486-linux-gnu --host=i486-linux-gnu --target=i486-linux-gnu
Thread model: posix
gcc version 4.3.3 (Ubuntu 4.3.3-5ubuntu4) 
configure:2057: $? = 0
configure:2059: g++ -V </dev/null >&5
g++: '-V' option must have argument
configure:2062: $? = 1
configure:2065: checking whether we are using the GNU C++ compiler
configure:2092: g++ -c   conftest.cc >&5
configure:2095: $? = 0
configure:2098: test -s conftest.o
configure:2101: $? = 0
configure:2113: result: yes
configure:2119: checking whether g++ accepts -g
configure:2143: g++ -c -g  conftest.cc >&5
configure:2146: $? = 0
configure:2149: test -s conftest.o
configure:2152: $? = 0
configure:2162: result: yes
configure:2208: g++ -c -g -O2  conftest.cc >&5
configure:2211: $? = 0
configure:2214: test -s conftest.o
configure:2217: $? = 0
configure:2245: g++ -c -g -O2  conftest.cc >&5
configure: In function 'int main()':
configure:2237: error: 'exit' was not declared in this scope
configure:2248: $? = 1
configure: failed program was:
#line 2226 "configure"
#include "confdefs.h"

#ifdef F77_DUMMY_MAIN
#  ifdef __cplusplus
     extern "C"
#  endif
   int F77_DUMMY_MAIN() { return 1; }
#endif
int
main ()
{
exit (42);
  ;
  return 0;
}
configure:2208: g++ -c -g -O2  conftest.cc >&5
configure:2211: $? = 0
configure:2214: test -s conftest.o
configure:2217: $? = 0
configure:2245: g++ -c -g -O2  conftest.cc >&5
configure:2248: $? = 0
configure:2251: test -s conftest.o
configure:2254: $? = 0
configure:2317: checking for strip
configure:2333: found /usr/bin/strip
configure:2344: result: strip
configure:2392: checking build system type
configure:2410: result: i686-pc-linux
configure:2420: checking host system type
configure:2434: result: i686-pc-linux
configure:2455: checking for Microsoft Windows
configure:2463: result: no
configure:2479: checking for a BSD-compatible install
configure:2533: result: /usr/bin/install -c
configure:2555: checking how to run the C preprocessor
configure:2581: gcc -E  conftest.c
configure:2587: $? = 0
configure:2614: gcc -E  conftest.c
configure:2610:28: error: ac_nonexistent.h: No such file or directory
configure:2620: $? = 1
configure: failed program was:
#line 2609 "configure"
#include "confdefs.h"
#include <ac_nonexistent.h>
configure:2657: result: gcc -E
configure:2672: gcc -E  conftest.c
configure:2678: $? = 0
configure:2705: gcc -E  conftest.c
configure:2701:28: error: ac_nonexistent.h: No such file or directory
configure:2711: $? = 1
configure: failed program was:
#line 2700 "configure"
#include "confdefs.h"
#include <ac_nonexistent.h>
configure:2751: checking for ANSI C header files
configure:2765: gcc -E  conftest.c
configure:2771: $? = 0
configure:2858: gcc -o conftest -g -O2   conftest.c  >&5
configure: In function 'main':
configure:2849: warning: incompatible implicit declaration of built-in function 'exit'
configure:2861: $? = 0
configure:2863: ./conftest
configure:2866: $? = 0
configure:2880: result: yes
configure:2904: checking for sys/types.h
configure:2917: gcc -c -g -O2  conftest.c >&5
configure:2920: $? = 0
configure:2923: test -s conftest.o
configure:2926: $? = 0
configure:2936: result: yes
configure:2904: checking for sys/stat.h
configure:2917: gcc -c -g -O2  conftest.c >&5
configure:2920: $? = 0
configure:2923: test -s conftest.o
configure:2926: $? = 0
configure:2936: result: yes
configure:2904: checking for stdlib.h
configure:2917: gcc -c -g -O2  conftest.c >&5
configure:2920: $? = 0
configure:2923: test -s conftest.o
configure:2926: $? = 0
configure:2936: result: yes
configure:2904: checking for string.h
configure:2917: gcc -c -g -O2  conftest.c >&5
configure:2920: $? = 0
configure:2923: test -s conftest.o
configure:2926: $? = 0
configure:2936: result: yes
configure:2904: checking for memory.h
configure:2917: gcc -c -g -O2  conftest.c >&5
configure:2920: $? = 0
configure:2923: test -s conftest.o
configure:2926: $? = 0
configure:2936: result: yes
configure:2904: checking for strings.h
configure:2917: gcc -c -g -O2  conftest.c >&5
configure:2920: $? = 0
configure:2923: test -s conftest.o
configure:2926: $? = 0
configure:2936: result: yes
configure:2904: checking for inttypes.h
configure:2917: gcc -c -g -O2  conftest.c >&5
configure:2920: $? = 0
configure:2923: test -s conftest.o
configure:2926: $? = 0
configure:2936: result: yes
configure:2904: checking for stdint.h
configure:2917: gcc -c -g -O2  conftest.c >&5
configure:2920: $? = 0
configure:2923: test -s conftest.o
configure:2926: $? = 0
configure:2936: result: yes
configure:2904: checking for unistd.h
configure:2917: gcc -c -g -O2  conftest.c >&5
configure:2920: $? = 0
configure:2923: test -s conftest.o
configure:2926: $? = 0
configure:2936: result: yes
configure:2962: checking malloc.h usability
configure:2971: gcc -c -g -O2  conftest.c >&5
configure:2974: $? = 0
configure:2977: test -s conftest.o
configure:2980: $? = 0
configure:2989: result: yes
configure:2993: checking malloc.h presence
configure:3000: gcc -E  conftest.c
configure:3006: $? = 0
configure:3024: result: yes
configure:3042: checking for malloc.h
configure:3049: result: yes
configure:3063: checking for unsigned long long
configure:3090: gcc -c -g -O2  conftest.c >&5
configure:3093: $? = 0
configure:3096: test -s conftest.o
configure:3099: $? = 0
configure:3109: result: yes
configure:3112: checking size of unsigned long long
configure:3390: gcc -o conftest -g -O2   conftest.c  >&5
configure:3393: $? = 0
configure:3395: ./conftest
configure:3398: $? = 0
configure:3418: result: 8
configure:3425: checking for unsigned long
configure:3452: gcc -c -g -O2  conftest.c >&5
configure:3455: $? = 0
configure:3458: test -s conftest.o
configure:3461: $? = 0
configure:3471: result: yes
configure:3474: checking size of unsigned long
configure:3752: gcc -o conftest -g -O2   conftest.c  >&5
configure:3755: $? = 0
configure:3757: ./conftest
configure:3760: $? = 0
configure:3780: result: 4
configure:3787: checking for unsigned
configure:3814: gcc -c -g -O2  conftest.c >&5
configure:3817: $? = 0
configure:3820: test -s conftest.o
configure:3823: $? = 0
configure:3833: result: yes
configure:3836: checking size of unsigned
configure:4114: gcc -o conftest -g -O2   conftest.c  >&5
configure:4117: $? = 0
configure:4119: ./conftest
configure:4122: $? = 0
configure:4142: result: 4
configure:4169: checking dlfcn.h usability
configure:4178: gcc -c -g -O2  conftest.c >&5
configure:4181: $? = 0
configure:4184: test -s conftest.o
configure:4187: $? = 0
configure:4196: result: yes
configure:4200: checking dlfcn.h presence
configure:4207: gcc -E  conftest.c
configure:4213: $? = 0
configure:4231: result: yes
configure:4249: checking for dlfcn.h
configure:4256: result: yes
configure:4271: checking for dlopen in -ldl
configure:4304: gcc -o conftest -g -O2   conftest.c -ldl   >&5
configure:4307: $? = 0
configure:4310: test -s conftest
configure:4313: $? = 0
configure:4324: result: yes
configure:4405: checking "for flag to make position independent code"
configure:4420: result: -fPIC
configure:4426: checking "for -rdynamic compiler flag"
configure:4454: result: -rdynamic
configure:4457: checking "for shared library link flag"
configure:4480: result: -shared
configure:4483: checking for extra libs needed
configure:4494: result: 
configure:4503: checking for leading underscores
configure:4512: gcc -c -g -O2  conftest.c >&5
configure:4515: $? = 0
configure:4518: test -s conftest.o
configure:4521: $? = 0
configure:4539: result: no
configure:4548: checking for trailing underscores
configure:4557: gcc -c -g -O2  conftest.c >&5
configure:4560: $? = 0
configure:4563: test -s conftest.o
configure:4566: $? = 0
configure:4584: result: no
configure:4598: checking for ident support in C compiler
configure:4624: gcc -c -g -O2  conftest.c >&5
configure:4627: $? = 0
configure:4630: test -s conftest.o
configure:4633: $? = 0
configure:4643: result: yes
configure:4652: checking for VPI subdirectories
configure:4661: result: . 
configure:4776: creating ./config.status

## ---------------------- ##
## Running config.status. ##
## ---------------------- ##

This file was extended by config.status, which was
generated by GNU Autoconf 2.53.  Invocation command line was

  CONFIG_FILES    = 
  CONFIG_HEADERS  = 
  CONFIG_LINKS    = 
  CONFIG_COMMANDS = 
  $ ./config.status 

on suchakra-desktop

config.status:582: creating Makefile

## ---------------- ##
## Cache variables. ##
## ---------------- ##

ac_cv_build=i686-pc-linux
ac_cv_build_alias=i686-pc-linux
ac_cv_c_compiler_gnu=yes
ac_cv_cxx_compiler_gnu=yes
ac_cv_env_CC_set=
ac_cv_env_CC_value=
ac_cv_env_CFLAGS_set=
ac_cv_env_CFLAGS_value=
ac_cv_env_CPPFLAGS_set=
ac_cv_env_CPPFLAGS_value=
ac_cv_env_CPP_set=
ac_cv_env_CPP_value=
ac_cv_env_CXXFLAGS_set=
ac_cv_env_CXXFLAGS_value=
ac_cv_env_CXX_set=
ac_cv_env_CXX_value=
ac_cv_env_LDFLAGS_set=
ac_cv_env_LDFLAGS_value=
ac_cv_env_build_alias_set=
ac_cv_env_build_alias_value=
ac_cv_env_host_alias_set=
ac_cv_env_host_alias_value=
ac_cv_env_target_alias_set=
ac_cv_env_target_alias_value=
ac_cv_exeext=
ac_cv_header_dlfcn_h=yes
ac_cv_header_inttypes_h=yes
ac_cv_header_malloc_h=yes
ac_cv_header_memory_h=yes
ac_cv_header_stdc=yes
ac_cv_header_stdint_h=yes
ac_cv_header_stdlib_h=yes
ac_cv_header_string_h=yes
ac_cv_header_strings_h=yes
ac_cv_header_sys_stat_h=yes
ac_cv_header_sys_types_h=yes
ac_cv_header_unistd_h=yes
ac_cv_host=i686-pc-linux
ac_cv_host_alias=i686-pc-linux
ac_cv_lib_dl_dlopen=yes
ac_cv_objext=o
ac_cv_path_install='/usr/bin/install -c'
ac_cv_prog_CPP='gcc -E'
ac_cv_prog_ac_ct_CC=gcc
ac_cv_prog_ac_ct_CXX=g++
ac_cv_prog_ac_ct_STRIP=strip
ac_cv_prog_cc_g=yes
ac_cv_prog_cxx_g=yes
ac_cv_sizeof_unsigned=4
ac_cv_sizeof_unsigned_long=4
ac_cv_sizeof_unsigned_long_long=8
ac_cv_type_unsigned=yes
ac_cv_type_unsigned_long=yes
ac_cv_type_unsigned_long_long=yes
ax_cv_c_underscores_leading=no
ax_cv_c_underscores_trailing=no
ax_cv_cpp_ident=yes

## ----------- ##
## confdefs.h. ##
## ----------- ##

#define PACKAGE_NAME ""
#define PACKAGE_TARNAME ""
#define PACKAGE_VERSION ""
#define PACKAGE_STRING ""
#define PACKAGE_BUGREPORT ""
#ifdef __cplusplus
#include <stdlib.h>
#endif
#define STDC_HEADERS 1
#define HAVE_SYS_TYPES_H 1
#define HAVE_SYS_STAT_H 1
#define HAVE_STDLIB_H 1
#define HAVE_STRING_H 1
#define HAVE_MEMORY_H 1
#define HAVE_STRINGS_H 1
#define HAVE_INTTYPES_H 1
#define HAVE_STDINT_H 1
#define HAVE_UNISTD_H 1
#define HAVE_MALLOC_H 1
#define SIZEOF_UNSIGNED_LONG_LONG 8
#define SIZEOF_UNSIGNED_LONG 4
#define SIZEOF_UNSIGNED 4
#define HAVE_DLFCN_H 1

configure: exit 0
