This file contains any messages produced by compilers while
running configure, to aid debugging if configure makes a mistake.

It was created by configure, which was
generated by GNU Autoconf 2.53.  Invocation command line was

  $ ./configure --prefix=/usr/local --cache-file=/dev/null --srcdir=.

## --------- ##
## Platform. ##
## --------- ##

hostname = suchakra-desktop
uname -m = i686
uname -r = 2.6.28-11-generic
uname -s = Linux
uname -v = #42-Ubuntu SMP Fri Apr 17 01:57:59 UTC 2009

/usr/bin/uname -p = unknown
/bin/uname -X     = unknown

/bin/arch              = unknown
/usr/bin/arch -k       = unknown
/usr/convex/getsysinfo = unknown
hostinfo               = unknown
/bin/machine           = unknown
/usr/bin/oslevel       = unknown
/bin/universe          = unknown

PATH: /usr/local/sbin
PATH: /usr/local/bin
PATH: /usr/sbin
PATH: /usr/bin
PATH: /sbin
PATH: /bin
PATH: /usr/games
PATH: /opt/cross-compiler/usr/local/arm/4.3.2/bin


## ----------- ##
## Core tests. ##
## ----------- ##

configure:1230: checking for gcc
configure:1246: found /usr/bin/gcc
configure:1256: result: gcc
configure:1500: checking for C compiler version
configure:1503: gcc --version </dev/null >&5
gcc (Ubuntu 4.3.3-5ubuntu4) 4.3.3
Copyright (C) 2008 Free Software Foundation, Inc.
This is free software; see the source for copying conditions.  There is NO
warranty; not even for MERCHANTABILITY or FITNESS FOR A PARTICULAR PURPOSE.

configure:1506: $? = 0
configure:1508: gcc -v </dev/null >&5
Using built-in specs.
Target: i486-linux-gnu
Configured with: ../src/configure -v --with-pkgversion='Ubuntu 4.3.3-5ubuntu4' --with-bugurl=file:///usr/share/doc/gcc-4.3/README.Bugs --enable-languages=c,c++,fortran,objc,obj-c++ --prefix=/usr --enable-shared --with-system-zlib --libexecdir=/usr/lib --without-included-gettext --enable-threads=posix --enable-nls --with-gxx-include-dir=/usr/include/c++/4.3 --program-suffix=-4.3 --enable-clocale=gnu --enable-libstdcxx-debug --enable-objc-gc --enable-mpfr --enable-targets=all --with-tune=generic --enable-checking=release --build=i486-linux-gnu --host=i486-linux-gnu --target=i486-linux-gnu
Thread model: posix
gcc version 4.3.3 (Ubuntu 4.3.3-5ubuntu4) 
configure:1511: $? = 0
configure:1513: gcc -V </dev/null >&5
gcc: '-V' option must have argument
configure:1516: $? = 1
configure:1542: checking for C compiler default output
configure:1545: gcc    conftest.c  >&5
configure:1548: $? = 0
configure:1581: result: a.out
configure:1586: checking whether the C compiler works
configure:1592: ./a.out
configure:1595: $? = 0
configure:1610: result: yes
configure:1617: checking whether we are cross compiling
configure:1619: result: no
configure:1622: checking for suffix of executables
configure:1624: gcc -o conftest    conftest.c  >&5
configure:1627: $? = 0
configure:1649: result: 
configure:1655: checking for suffix of object files
configure:1679: gcc -c   conftest.c >&5
configure:1682: $? = 0
configure:1701: result: o
configure:1705: checking whether we are using the GNU C compiler
configure:1732: gcc -c   conftest.c >&5
configure:1735: $? = 0
configure:1738: test -s conftest.o
configure:1741: $? = 0
configure:1753: result: yes
configure:1759: checking whether gcc accepts -g
configure:1783: gcc -c -g  conftest.c >&5
configure:1786: $? = 0
configure:1789: test -s conftest.o
configure:1792: $? = 0
configure:1802: result: yes
configure:1829: gcc -c -g -O2  conftest.c >&5
conftest.c:2: error: expected '=', ',', ';', 'asm' or '__attribute__' before 'me'
configure:1832: $? = 1
configure: failed program was:
#ifndef __cplusplus
  choke me
#endif
configure:1980: checking for a BSD-compatible install
configure:2034: result: /usr/bin/install -c
configure:2052: checking build system type
configure:2070: result: i686-pc-linux
configure:2080: checking host system type
configure:2094: result: i686-pc-linux
configure:2118: checking for Microsoft Windows
configure:2126: result: no
configure:2136: checking how to run the C preprocessor
configure:2162: gcc -E  conftest.c
configure:2168: $? = 0
configure:2195: gcc -E  conftest.c
configure:2191:28: error: ac_nonexistent.h: No such file or directory
configure:2201: $? = 1
configure: failed program was:
#line 2190 "configure"
#include "confdefs.h"
#include <ac_nonexistent.h>
configure:2238: result: gcc -E
configure:2253: gcc -E  conftest.c
configure:2259: $? = 0
configure:2286: gcc -E  conftest.c
configure:2282:28: error: ac_nonexistent.h: No such file or directory
configure:2292: $? = 1
configure: failed program was:
#line 2281 "configure"
#include "confdefs.h"
#include <ac_nonexistent.h>
configure:2332: checking for ANSI C header files
configure:2346: gcc -E  conftest.c
configure:2352: $? = 0
configure:2439: gcc -o conftest -g -O2   conftest.c  >&5
configure: In function 'main':
configure:2430: warning: incompatible implicit declaration of built-in function 'exit'
configure:2442: $? = 0
configure:2444: ./conftest
configure:2447: $? = 0
configure:2461: result: yes
configure:2485: checking for sys/types.h
configure:2498: gcc -c -g -O2  conftest.c >&5
configure:2501: $? = 0
configure:2504: test -s conftest.o
configure:2507: $? = 0
configure:2517: result: yes
configure:2485: checking for sys/stat.h
configure:2498: gcc -c -g -O2  conftest.c >&5
configure:2501: $? = 0
configure:2504: test -s conftest.o
configure:2507: $? = 0
configure:2517: result: yes
configure:2485: checking for stdlib.h
configure:2498: gcc -c -g -O2  conftest.c >&5
configure:2501: $? = 0
configure:2504: test -s conftest.o
configure:2507: $? = 0
configure:2517: result: yes
configure:2485: checking for string.h
configure:2498: gcc -c -g -O2  conftest.c >&5
configure:2501: $? = 0
configure:2504: test -s conftest.o
configure:2507: $? = 0
configure:2517: result: yes
configure:2485: checking for memory.h
configure:2498: gcc -c -g -O2  conftest.c >&5
configure:2501: $? = 0
configure:2504: test -s conftest.o
configure:2507: $? = 0
configure:2517: result: yes
configure:2485: checking for strings.h
configure:2498: gcc -c -g -O2  conftest.c >&5
configure:2501: $? = 0
configure:2504: test -s conftest.o
configure:2507: $? = 0
configure:2517: result: yes
configure:2485: checking for inttypes.h
configure:2498: gcc -c -g -O2  conftest.c >&5
configure:2501: $? = 0
configure:2504: test -s conftest.o
configure:2507: $? = 0
configure:2517: result: yes
configure:2485: checking for stdint.h
configure:2498: gcc -c -g -O2  conftest.c >&5
configure:2501: $? = 0
configure:2504: test -s conftest.o
configure:2507: $? = 0
configure:2517: result: yes
configure:2485: checking for unistd.h
configure:2498: gcc -c -g -O2  conftest.c >&5
configure:2501: $? = 0
configure:2504: test -s conftest.o
configure:2507: $? = 0
configure:2517: result: yes
configure:2543: checking malloc.h usability
configure:2552: gcc -c -g -O2  conftest.c >&5
configure:2555: $? = 0
configure:2558: test -s conftest.o
configure:2561: $? = 0
configure:2570: result: yes
configure:2574: checking malloc.h presence
configure:2581: gcc -E  conftest.c
configure:2587: $? = 0
configure:2605: result: yes
configure:2623: checking for malloc.h
configure:2630: result: yes
configure:2655: checking "for flag to make position independent code"
configure:2670: result: -fPIC
configure:2673: checking "for shared library link flag"
configure:2696: result: -shared
configure:2699: checking for ident support in C compiler
configure:2725: gcc -c -g -O2  conftest.c >&5
configure:2728: $? = 0
configure:2731: test -s conftest.o
configure:2734: $? = 0
configure:2744: result: yes
configure:2864: creating ./config.status

## ---------------------- ##
## Running config.status. ##
## ---------------------- ##

This file was extended by config.status, which was
generated by GNU Autoconf 2.53.  Invocation command line was

  CONFIG_FILES    = 
  CONFIG_HEADERS  = 
  CONFIG_LINKS    = 
  CONFIG_COMMANDS = 
  $ ./config.status 

on suchakra-desktop

config.status:571: creating Makefile

## ---------------- ##
## Cache variables. ##
## ---------------- ##

ac_cv_build=i686-pc-linux
ac_cv_build_alias=i686-pc-linux
ac_cv_c_compiler_gnu=yes
ac_cv_env_CC_set=
ac_cv_env_CC_value=
ac_cv_env_CFLAGS_set=
ac_cv_env_CFLAGS_value=
ac_cv_env_CPPFLAGS_set=
ac_cv_env_CPPFLAGS_value=
ac_cv_env_CPP_set=
ac_cv_env_CPP_value=
ac_cv_env_LDFLAGS_set=
ac_cv_env_LDFLAGS_value=
ac_cv_env_build_alias_set=
ac_cv_env_build_alias_value=
ac_cv_env_host_alias_set=
ac_cv_env_host_alias_value=
ac_cv_env_target_alias_set=
ac_cv_env_target_alias_value=
ac_cv_exeext=
ac_cv_header_inttypes_h=yes
ac_cv_header_malloc_h=yes
ac_cv_header_memory_h=yes
ac_cv_header_stdc=yes
ac_cv_header_stdint_h=yes
ac_cv_header_stdlib_h=yes
ac_cv_header_string_h=yes
ac_cv_header_strings_h=yes
ac_cv_header_sys_stat_h=yes
ac_cv_header_sys_types_h=yes
ac_cv_header_unistd_h=yes
ac_cv_host=i686-pc-linux
ac_cv_host_alias=i686-pc-linux
ac_cv_objext=o
ac_cv_path_install='/usr/bin/install -c'
ac_cv_prog_CPP='gcc -E'
ac_cv_prog_ac_ct_CC=gcc
ac_cv_prog_cc_g=yes
ax_cv_cpp_ident=yes

## ----------- ##
## confdefs.h. ##
## ----------- ##

#define PACKAGE_NAME ""
#define PACKAGE_TARNAME ""
#define PACKAGE_VERSION ""
#define PACKAGE_STRING ""
#define PACKAGE_BUGREPORT ""
#define STDC_HEADERS 1
#define HAVE_SYS_TYPES_H 1
#define HAVE_SYS_STAT_H 1
#define HAVE_STDLIB_H 1
#define HAVE_STRING_H 1
#define HAVE_MEMORY_H 1
#define HAVE_STRINGS_H 1
#define HAVE_INTTYPES_H 1
#define HAVE_STDINT_H 1
#define HAVE_UNISTD_H 1
#define HAVE_MALLOC_H 1

configure: exit 0
