This file contains any messages produced by compilers while
running configure, to aid debugging if configure makes a mistake.

It was created by configure, which was
generated by GNU Autoconf 2.53.  Invocation command line was

  $ ./configure --prefix=/usr/local --cache-file=/dev/null --srcdir=.

## --------- ##
## Platform. ##
## --------- ##

hostname = suchakra-desktop
uname -m = i686
uname -r = 2.6.28-11-generic
uname -s = Linux
uname -v = #42-Ubuntu SMP Fri Apr 17 01:57:59 UTC 2009

/usr/bin/uname -p = unknown
/bin/uname -X     = unknown

/bin/arch              = unknown
/usr/bin/arch -k       = unknown
/usr/convex/getsysinfo = unknown
hostinfo               = unknown
/bin/machine           = unknown
/usr/bin/oslevel       = unknown
/bin/universe          = unknown

PATH: /usr/local/sbin
PATH: /usr/local/bin
PATH: /usr/sbin
PATH: /usr/bin
PATH: /sbin
PATH: /bin
PATH: /usr/games
PATH: /opt/cross-compiler/usr/local/arm/4.3.2/bin


## ----------- ##
## Core tests. ##
## ----------- ##

configure:1228: checking for gcc
configure:1244: found /usr/bin/gcc
configure:1254: result: gcc
configure:1498: checking for C compiler version
configure:1501: gcc --version </dev/null >&5
gcc (Ubuntu 4.3.3-5ubuntu4) 4.3.3
Copyright (C) 2008 Free Software Foundation, Inc.
This is free software; see the source for copying conditions.  There is NO
warranty; not even for MERCHANTABILITY or FITNESS FOR A PARTICULAR PURPOSE.

configure:1504: $? = 0
configure:1506: gcc -v </dev/null >&5
Using built-in specs.
Target: i486-linux-gnu
Configured with: ../src/configure -v --with-pkgversion='Ubuntu 4.3.3-5ubuntu4' --with-bugurl=file:///usr/share/doc/gcc-4.3/README.Bugs --enable-languages=c,c++,fortran,objc,obj-c++ --prefix=/usr --enable-shared --with-system-zlib --libexecdir=/usr/lib --without-included-gettext --enable-threads=posix --enable-nls --with-gxx-include-dir=/usr/include/c++/4.3 --program-suffix=-4.3 --enable-clocale=gnu --enable-libstdcxx-debug --enable-objc-gc --enable-mpfr --enable-targets=all --with-tune=generic --enable-checking=release --build=i486-linux-gnu --host=i486-linux-gnu --target=i486-linux-gnu
Thread model: posix
gcc version 4.3.3 (Ubuntu 4.3.3-5ubuntu4) 
configure:1509: $? = 0
configure:1511: gcc -V </dev/null >&5
gcc: '-V' option must have argument
configure:1514: $? = 1
configure:1540: checking for C compiler default output
configure:1543: gcc    conftest.c  >&5
configure:1546: $? = 0
configure:1579: result: a.out
configure:1584: checking whether the C compiler works
configure:1590: ./a.out
configure:1593: $? = 0
configure:1608: result: yes
configure:1615: checking whether we are cross compiling
configure:1617: result: no
configure:1620: checking for suffix of executables
configure:1622: gcc -o conftest    conftest.c  >&5
configure:1625: $? = 0
configure:1647: result: 
configure:1653: checking for suffix of object files
configure:1677: gcc -c   conftest.c >&5
configure:1680: $? = 0
configure:1699: result: o
configure:1703: checking whether we are using the GNU C compiler
configure:1730: gcc -c   conftest.c >&5
configure:1733: $? = 0
configure:1736: test -s conftest.o
configure:1739: $? = 0
configure:1751: result: yes
configure:1757: checking whether gcc accepts -g
configure:1781: gcc -c -g  conftest.c >&5
configure:1784: $? = 0
configure:1787: test -s conftest.o
configure:1790: $? = 0
configure:1800: result: yes
configure:1827: gcc -c -g -O2  conftest.c >&5
conftest.c:2: error: expected '=', ',', ';', 'asm' or '__attribute__' before 'me'
configure:1830: $? = 1
configure: failed program was:
#ifndef __cplusplus
  choke me
#endif
configure:1977: checking for a BSD-compatible install
configure:2031: result: /usr/bin/install -c
configure:2083: checking for ranlib
configure:2099: found /usr/bin/ranlib
configure:2110: result: ranlib
configure:2125: checking for ident support in C compiler
configure:2151: gcc -c -g -O2  conftest.c >&5
configure:2154: $? = 0
configure:2157: test -s conftest.o
configure:2160: $? = 0
configure:2170: result: yes
configure:2187: checking how to run the C preprocessor
configure:2213: gcc -E  conftest.c
configure:2219: $? = 0
configure:2246: gcc -E  conftest.c
configure:2242:28: error: ac_nonexistent.h: No such file or directory
configure:2252: $? = 1
configure: failed program was:
#line 2241 "configure"
#include "confdefs.h"
#include <ac_nonexistent.h>
configure:2289: result: gcc -E
configure:2304: gcc -E  conftest.c
configure:2310: $? = 0
configure:2337: gcc -E  conftest.c
configure:2333:28: error: ac_nonexistent.h: No such file or directory
configure:2343: $? = 1
configure: failed program was:
#line 2332 "configure"
#include "confdefs.h"
#include <ac_nonexistent.h>
configure:2383: checking for ANSI C header files
configure:2397: gcc -E  conftest.c
configure:2403: $? = 0
configure:2490: gcc -o conftest -g -O2   conftest.c  >&5
configure: In function 'main':
configure:2481: warning: incompatible implicit declaration of built-in function 'exit'
configure:2493: $? = 0
configure:2495: ./conftest
configure:2498: $? = 0
configure:2512: result: yes
configure:2536: checking for sys/types.h
configure:2549: gcc -c -g -O2  conftest.c >&5
configure:2552: $? = 0
configure:2555: test -s conftest.o
configure:2558: $? = 0
configure:2568: result: yes
configure:2536: checking for sys/stat.h
configure:2549: gcc -c -g -O2  conftest.c >&5
configure:2552: $? = 0
configure:2555: test -s conftest.o
configure:2558: $? = 0
configure:2568: result: yes
configure:2536: checking for stdlib.h
configure:2549: gcc -c -g -O2  conftest.c >&5
configure:2552: $? = 0
configure:2555: test -s conftest.o
configure:2558: $? = 0
configure:2568: result: yes
configure:2536: checking for string.h
configure:2549: gcc -c -g -O2  conftest.c >&5
configure:2552: $? = 0
configure:2555: test -s conftest.o
configure:2558: $? = 0
configure:2568: result: yes
configure:2536: checking for memory.h
configure:2549: gcc -c -g -O2  conftest.c >&5
configure:2552: $? = 0
configure:2555: test -s conftest.o
configure:2558: $? = 0
configure:2568: result: yes
configure:2536: checking for strings.h
configure:2549: gcc -c -g -O2  conftest.c >&5
configure:2552: $? = 0
configure:2555: test -s conftest.o
configure:2558: $? = 0
configure:2568: result: yes
configure:2536: checking for inttypes.h
configure:2549: gcc -c -g -O2  conftest.c >&5
configure:2552: $? = 0
configure:2555: test -s conftest.o
configure:2558: $? = 0
configure:2568: result: yes
configure:2536: checking for stdint.h
configure:2549: gcc -c -g -O2  conftest.c >&5
configure:2552: $? = 0
configure:2555: test -s conftest.o
configure:2558: $? = 0
configure:2568: result: yes
configure:2536: checking for unistd.h
configure:2549: gcc -c -g -O2  conftest.c >&5
configure:2552: $? = 0
configure:2555: test -s conftest.o
configure:2558: $? = 0
configure:2568: result: yes
configure:2594: checking malloc.h usability
configure:2603: gcc -c -g -O2  conftest.c >&5
configure:2606: $? = 0
configure:2609: test -s conftest.o
configure:2612: $? = 0
configure:2621: result: yes
configure:2625: checking malloc.h presence
configure:2632: gcc -E  conftest.c
configure:2638: $? = 0
configure:2656: result: yes
configure:2674: checking for malloc.h
configure:2681: result: yes
configure:2695: checking for unsigned long long
configure:2722: gcc -c -g -O2  conftest.c >&5
configure:2725: $? = 0
configure:2728: test -s conftest.o
configure:2731: $? = 0
configure:2741: result: yes
configure:2744: checking size of unsigned long long
configure:3022: gcc -o conftest -g -O2   conftest.c  >&5
configure:3025: $? = 0
configure:3027: ./conftest
configure:3030: $? = 0
configure:3050: result: 8
configure:3057: checking for unsigned long
configure:3084: gcc -c -g -O2  conftest.c >&5
configure:3087: $? = 0
configure:3090: test -s conftest.o
configure:3093: $? = 0
configure:3103: result: yes
configure:3106: checking size of unsigned long
configure:3384: gcc -o conftest -g -O2   conftest.c  >&5
configure:3387: $? = 0
configure:3389: ./conftest
configure:3392: $? = 0
configure:3412: result: 4
configure:3419: checking for unsigned
configure:3446: gcc -c -g -O2  conftest.c >&5
configure:3449: $? = 0
configure:3452: test -s conftest.o
configure:3455: $? = 0
configure:3465: result: yes
configure:3468: checking size of unsigned
configure:3746: gcc -o conftest -g -O2   conftest.c  >&5
configure:3749: $? = 0
configure:3751: ./conftest
configure:3754: $? = 0
configure:3774: result: 4
configure:3790: checking for flag to make position independent code
configure:3805: result: -fPIC
configure:3814: checking for libdir64 path
configure:3821: result: ${exec_prefix}/lib
configure:3905: creating ./config.status

## ---------------------- ##
## Running config.status. ##
## ---------------------- ##

This file was extended by config.status, which was
generated by GNU Autoconf 2.53.  Invocation command line was

  CONFIG_FILES    = 
  CONFIG_HEADERS  = 
  CONFIG_LINKS    = 
  CONFIG_COMMANDS = 
  $ ./config.status 

on suchakra-desktop

config.status:573: creating Makefile
config.status:677: creating config.h
config.status:786: config.h is unchanged

## ---------------- ##
## Cache variables. ##
## ---------------- ##

ac_cv_c_compiler_gnu=yes
ac_cv_env_CC_set=
ac_cv_env_CC_value=
ac_cv_env_CFLAGS_set=
ac_cv_env_CFLAGS_value=
ac_cv_env_CPPFLAGS_set=
ac_cv_env_CPPFLAGS_value=
ac_cv_env_CPP_set=
ac_cv_env_CPP_value=
ac_cv_env_LDFLAGS_set=
ac_cv_env_LDFLAGS_value=
ac_cv_env_build_alias_set=
ac_cv_env_build_alias_value=
ac_cv_env_host_alias_set=
ac_cv_env_host_alias_value=
ac_cv_env_target_alias_set=
ac_cv_env_target_alias_value=
ac_cv_exeext=
ac_cv_header_inttypes_h=yes
ac_cv_header_malloc_h=yes
ac_cv_header_memory_h=yes
ac_cv_header_stdc=yes
ac_cv_header_stdint_h=yes
ac_cv_header_stdlib_h=yes
ac_cv_header_string_h=yes
ac_cv_header_strings_h=yes
ac_cv_header_sys_stat_h=yes
ac_cv_header_sys_types_h=yes
ac_cv_header_unistd_h=yes
ac_cv_objext=o
ac_cv_path_install='/usr/bin/install -c'
ac_cv_prog_CPP='gcc -E'
ac_cv_prog_ac_ct_CC=gcc
ac_cv_prog_ac_ct_RANLIB=ranlib
ac_cv_prog_cc_g=yes
ac_cv_sizeof_unsigned=4
ac_cv_sizeof_unsigned_long=4
ac_cv_sizeof_unsigned_long_long=8
ac_cv_type_unsigned=yes
ac_cv_type_unsigned_long=yes
ac_cv_type_unsigned_long_long=yes
ax_cv_cpp_ident=yes

## ----------- ##
## confdefs.h. ##
## ----------- ##

#define PACKAGE_NAME ""
#define PACKAGE_TARNAME ""
#define PACKAGE_VERSION ""
#define PACKAGE_STRING ""
#define PACKAGE_BUGREPORT ""
#define STDC_HEADERS 1
#define HAVE_SYS_TYPES_H 1
#define HAVE_SYS_STAT_H 1
#define HAVE_STDLIB_H 1
#define HAVE_STRING_H 1
#define HAVE_MEMORY_H 1
#define HAVE_STRINGS_H 1
#define HAVE_INTTYPES_H 1
#define HAVE_STDINT_H 1
#define HAVE_UNISTD_H 1
#define HAVE_MALLOC_H 1
#define SIZEOF_UNSIGNED_LONG_LONG 8
#define SIZEOF_UNSIGNED_LONG 4
#define SIZEOF_UNSIGNED 4

configure: exit 0
