This file contains any messages produced by compilers while
running configure, to aid debugging if configure makes a mistake.

It was created by configure, which was
generated by GNU Autoconf 2.53.  Invocation command line was

  $ ./configure --prefix=/usr/local --cache-file=/dev/null --srcdir=.

## --------- ##
## Platform. ##
## --------- ##

hostname = suchakra-desktop
uname -m = i686
uname -r = 2.6.28-11-generic
uname -s = Linux
uname -v = #42-Ubuntu SMP Fri Apr 17 01:57:59 UTC 2009

/usr/bin/uname -p = unknown
/bin/uname -X     = unknown

/bin/arch              = unknown
/usr/bin/arch -k       = unknown
/usr/convex/getsysinfo = unknown
hostinfo               = unknown
/bin/machine           = unknown
/usr/bin/oslevel       = unknown
/bin/universe          = unknown

PATH: /usr/local/sbin
PATH: /usr/local/bin
PATH: /usr/sbin
PATH: /usr/bin
PATH: /sbin
PATH: /bin
PATH: /usr/games
PATH: /opt/cross-compiler/usr/local/arm/4.3.2/bin


## ----------- ##
## Core tests. ##
## ----------- ##

configure:1242: checking for gcc
configure:1258: found /usr/bin/gcc
configure:1268: result: gcc
configure:1512: checking for C compiler version
configure:1515: gcc --version </dev/null >&5
gcc (Ubuntu 4.3.3-5ubuntu4) 4.3.3
Copyright (C) 2008 Free Software Foundation, Inc.
This is free software; see the source for copying conditions.  There is NO
warranty; not even for MERCHANTABILITY or FITNESS FOR A PARTICULAR PURPOSE.

configure:1518: $? = 0
configure:1520: gcc -v </dev/null >&5
Using built-in specs.
Target: i486-linux-gnu
Configured with: ../src/configure -v --with-pkgversion='Ubuntu 4.3.3-5ubuntu4' --with-bugurl=file:///usr/share/doc/gcc-4.3/README.Bugs --enable-languages=c,c++,fortran,objc,obj-c++ --prefix=/usr --enable-shared --with-system-zlib --libexecdir=/usr/lib --without-included-gettext --enable-threads=posix --enable-nls --with-gxx-include-dir=/usr/include/c++/4.3 --program-suffix=-4.3 --enable-clocale=gnu --enable-libstdcxx-debug --enable-objc-gc --enable-mpfr --enable-targets=all --with-tune=generic --enable-checking=release --build=i486-linux-gnu --host=i486-linux-gnu --target=i486-linux-gnu
Thread model: posix
gcc version 4.3.3 (Ubuntu 4.3.3-5ubuntu4) 
configure:1523: $? = 0
configure:1525: gcc -V </dev/null >&5
gcc: '-V' option must have argument
configure:1528: $? = 1
configure:1554: checking for C compiler default output
configure:1557: gcc    conftest.c  >&5
configure:1560: $? = 0
configure:1593: result: a.out
configure:1598: checking whether the C compiler works
configure:1604: ./a.out
configure:1607: $? = 0
configure:1622: result: yes
configure:1629: checking whether we are cross compiling
configure:1631: result: no
configure:1634: checking for suffix of executables
configure:1636: gcc -o conftest    conftest.c  >&5
configure:1639: $? = 0
configure:1661: result: 
configure:1667: checking for suffix of object files
configure:1691: gcc -c   conftest.c >&5
configure:1694: $? = 0
configure:1713: result: o
configure:1717: checking whether we are using the GNU C compiler
configure:1744: gcc -c   conftest.c >&5
configure:1747: $? = 0
configure:1750: test -s conftest.o
configure:1753: $? = 0
configure:1765: result: yes
configure:1771: checking whether gcc accepts -g
configure:1795: gcc -c -g  conftest.c >&5
configure:1798: $? = 0
configure:1801: test -s conftest.o
configure:1804: $? = 0
configure:1814: result: yes
configure:1841: gcc -c -g -O2  conftest.c >&5
conftest.c:2: error: expected '=', ',', ';', 'asm' or '__attribute__' before 'me'
configure:1844: $? = 1
configure: failed program was:
#ifndef __cplusplus
  choke me
#endif
configure:2006: checking for g++
configure:2022: found /usr/bin/g++
configure:2032: result: g++
configure:2048: checking for C++ compiler version
configure:2051: g++ --version </dev/null >&5
g++ (Ubuntu 4.3.3-5ubuntu4) 4.3.3
Copyright (C) 2008 Free Software Foundation, Inc.
This is free software; see the source for copying conditions.  There is NO
warranty; not even for MERCHANTABILITY or FITNESS FOR A PARTICULAR PURPOSE.

configure:2054: $? = 0
configure:2056: g++ -v </dev/null >&5
Using built-in specs.
Target: i486-linux-gnu
Configured with: ../src/configure -v --with-pkgversion='Ubuntu 4.3.3-5ubuntu4' --with-bugurl=file:///usr/share/doc/gcc-4.3/README.Bugs --enable-languages=c,c++,fortran,objc,obj-c++ --prefix=/usr --enable-shared --with-system-zlib --libexecdir=/usr/lib --without-included-gettext --enable-threads=posix --enable-nls --with-gxx-include-dir=/usr/include/c++/4.3 --program-suffix=-4.3 --enable-clocale=gnu --enable-libstdcxx-debug --enable-objc-gc --enable-mpfr --enable-targets=all --with-tune=generic --enable-checking=release --build=i486-linux-gnu --host=i486-linux-gnu --target=i486-linux-gnu
Thread model: posix
gcc version 4.3.3 (Ubuntu 4.3.3-5ubuntu4) 
configure:2059: $? = 0
configure:2061: g++ -V </dev/null >&5
g++: '-V' option must have argument
configure:2064: $? = 1
configure:2067: checking whether we are using the GNU C++ compiler
configure:2094: g++ -c   conftest.cc >&5
configure:2097: $? = 0
configure:2100: test -s conftest.o
configure:2103: $? = 0
configure:2115: result: yes
configure:2121: checking whether g++ accepts -g
configure:2145: g++ -c -g  conftest.cc >&5
configure:2148: $? = 0
configure:2151: test -s conftest.o
configure:2154: $? = 0
configure:2164: result: yes
configure:2210: g++ -c -g -O2  conftest.cc >&5
configure:2213: $? = 0
configure:2216: test -s conftest.o
configure:2219: $? = 0
configure:2247: g++ -c -g -O2  conftest.cc >&5
configure: In function 'int main()':
configure:2239: error: 'exit' was not declared in this scope
configure:2250: $? = 1
configure: failed program was:
#line 2228 "configure"
#include "confdefs.h"

#ifdef F77_DUMMY_MAIN
#  ifdef __cplusplus
     extern "C"
#  endif
   int F77_DUMMY_MAIN() { return 1; }
#endif
int
main ()
{
exit (42);
  ;
  return 0;
}
configure:2210: g++ -c -g -O2  conftest.cc >&5
configure:2213: $? = 0
configure:2216: test -s conftest.o
configure:2219: $? = 0
configure:2247: g++ -c -g -O2  conftest.cc >&5
configure:2250: $? = 0
configure:2253: test -s conftest.o
configure:2256: $? = 0
configure:2319: checking for ranlib
configure:2335: found /usr/bin/ranlib
configure:2346: result: ranlib
configure:2399: checking for strip
configure:2415: found /usr/bin/strip
configure:2426: result: strip
configure:2474: checking build system type
configure:2492: result: i686-pc-linux
configure:2502: checking host system type
configure:2516: result: i686-pc-linux
configure:2537: checking for Microsoft Windows
configure:2545: result: no
configure:2557: checking for flex
configure:2573: found /usr/bin/flex
configure:2583: result: flex
configure:2605: checking for bison
configure:2621: found /usr/bin/bison
configure:2631: result: bison
configure:2661: checking for a BSD-compatible install
configure:2715: result: /usr/bin/install -c
configure:2733: checking how to run the C preprocessor
configure:2759: gcc -E  conftest.c
configure:2765: $? = 0
configure:2792: gcc -E  conftest.c
configure:2788:28: error: ac_nonexistent.h: No such file or directory
configure:2798: $? = 1
configure: failed program was:
#line 2787 "configure"
#include "confdefs.h"
#include <ac_nonexistent.h>
configure:2835: result: gcc -E
configure:2850: gcc -E  conftest.c
configure:2856: $? = 0
configure:2883: gcc -E  conftest.c
configure:2879:28: error: ac_nonexistent.h: No such file or directory
configure:2889: $? = 1
configure: failed program was:
#line 2878 "configure"
#include "confdefs.h"
#include <ac_nonexistent.h>
configure:2929: checking for ANSI C header files
configure:2943: gcc -E  conftest.c
configure:2949: $? = 0
configure:3036: gcc -o conftest -g -O2   conftest.c  >&5
configure: In function 'main':
configure:3027: warning: incompatible implicit declaration of built-in function 'exit'
configure:3039: $? = 0
configure:3041: ./conftest
configure:3044: $? = 0
configure:3058: result: yes
configure:3082: checking for sys/types.h
configure:3095: gcc -c -g -O2  conftest.c >&5
configure:3098: $? = 0
configure:3101: test -s conftest.o
configure:3104: $? = 0
configure:3114: result: yes
configure:3082: checking for sys/stat.h
configure:3095: gcc -c -g -O2  conftest.c >&5
configure:3098: $? = 0
configure:3101: test -s conftest.o
configure:3104: $? = 0
configure:3114: result: yes
configure:3082: checking for stdlib.h
configure:3095: gcc -c -g -O2  conftest.c >&5
configure:3098: $? = 0
configure:3101: test -s conftest.o
configure:3104: $? = 0
configure:3114: result: yes
configure:3082: checking for string.h
configure:3095: gcc -c -g -O2  conftest.c >&5
configure:3098: $? = 0
configure:3101: test -s conftest.o
configure:3104: $? = 0
configure:3114: result: yes
configure:3082: checking for memory.h
configure:3095: gcc -c -g -O2  conftest.c >&5
configure:3098: $? = 0
configure:3101: test -s conftest.o
configure:3104: $? = 0
configure:3114: result: yes
configure:3082: checking for strings.h
configure:3095: gcc -c -g -O2  conftest.c >&5
configure:3098: $? = 0
configure:3101: test -s conftest.o
configure:3104: $? = 0
configure:3114: result: yes
configure:3082: checking for inttypes.h
configure:3095: gcc -c -g -O2  conftest.c >&5
configure:3098: $? = 0
configure:3101: test -s conftest.o
configure:3104: $? = 0
configure:3114: result: yes
configure:3082: checking for stdint.h
configure:3095: gcc -c -g -O2  conftest.c >&5
configure:3098: $? = 0
configure:3101: test -s conftest.o
configure:3104: $? = 0
configure:3114: result: yes
configure:3082: checking for unistd.h
configure:3095: gcc -c -g -O2  conftest.c >&5
configure:3098: $? = 0
configure:3101: test -s conftest.o
configure:3104: $? = 0
configure:3114: result: yes
configure:3141: checking getopt.h usability
configure:3150: gcc -c -g -O2  conftest.c >&5
configure:3153: $? = 0
configure:3156: test -s conftest.o
configure:3159: $? = 0
configure:3168: result: yes
configure:3172: checking getopt.h presence
configure:3179: gcc -E  conftest.c
configure:3185: $? = 0
configure:3203: result: yes
configure:3221: checking for getopt.h
configure:3228: result: yes
configure:3141: checking malloc.h usability
configure:3150: gcc -c -g -O2  conftest.c >&5
configure:3153: $? = 0
configure:3156: test -s conftest.o
configure:3159: $? = 0
configure:3168: result: yes
configure:3172: checking malloc.h presence
configure:3179: gcc -E  conftest.c
configure:3185: $? = 0
configure:3203: result: yes
configure:3221: checking for malloc.h
configure:3228: result: yes
configure:3242: checking for unsigned long long
configure:3269: gcc -c -g -O2  conftest.c >&5
configure:3272: $? = 0
configure:3275: test -s conftest.o
configure:3278: $? = 0
configure:3288: result: yes
configure:3291: checking size of unsigned long long
configure:3569: gcc -o conftest -g -O2   conftest.c  >&5
configure:3572: $? = 0
configure:3574: ./conftest
configure:3577: $? = 0
configure:3597: result: 8
configure:3604: checking for unsigned long
configure:3631: gcc -c -g -O2  conftest.c >&5
configure:3634: $? = 0
configure:3637: test -s conftest.o
configure:3640: $? = 0
configure:3650: result: yes
configure:3653: checking size of unsigned long
configure:3931: gcc -o conftest -g -O2   conftest.c  >&5
configure:3934: $? = 0
configure:3936: ./conftest
configure:3939: $? = 0
configure:3959: result: 4
configure:3966: checking for unsigned
configure:3993: gcc -c -g -O2  conftest.c >&5
configure:3996: $? = 0
configure:3999: test -s conftest.o
configure:4002: $? = 0
configure:4012: result: yes
configure:4015: checking size of unsigned
configure:4293: gcc -o conftest -g -O2   conftest.c  >&5
configure:4296: $? = 0
configure:4298: ./conftest
configure:4301: $? = 0
configure:4321: result: 4
configure:4333: checking for tputs in -ltermcap
configure:4366: gcc -o conftest -g -O2   conftest.c -ltermcap   >&5
/usr/bin/ld: cannot find -ltermcap
collect2: ld returned 1 exit status
configure:4369: $? = 1
configure: failed program was:
#line 4340 "configure"
#include "confdefs.h"

/* Override any gcc2 internal prototype to avoid an error.  */
#ifdef __cplusplus
extern "C"
#endif
/* We use char because int might match the return type of a gcc2
   builtin and then its argument prototype would still apply.  */
char tputs ();
#ifdef F77_DUMMY_MAIN
#  ifdef __cplusplus
     extern "C"
#  endif
   int F77_DUMMY_MAIN() { return 1; }
#endif
int
main ()
{
tputs ();
  ;
  return 0;
}
configure:4386: result: no
configure:4398: checking for readline in -lreadline
configure:4431: gcc -o conftest -g -O2   conftest.c -lreadline   >&5
/usr/bin/ld: cannot find -lreadline
collect2: ld returned 1 exit status
configure:4434: $? = 1
configure: failed program was:
#line 4405 "configure"
#include "confdefs.h"

/* Override any gcc2 internal prototype to avoid an error.  */
#ifdef __cplusplus
extern "C"
#endif
/* We use char because int might match the return type of a gcc2
   builtin and then its argument prototype would still apply.  */
char readline ();
#ifdef F77_DUMMY_MAIN
#  ifdef __cplusplus
     extern "C"
#  endif
   int F77_DUMMY_MAIN() { return 1; }
#endif
int
main ()
{
readline ();
  ;
  return 0;
}
configure:4451: result: no
configure:4463: checking for add_history in -lhistory
configure:4496: gcc -o conftest -g -O2   conftest.c -lhistory   >&5
/usr/bin/ld: cannot find -lhistory
collect2: ld returned 1 exit status
configure:4499: $? = 1
configure: failed program was:
#line 4470 "configure"
#include "confdefs.h"

/* Override any gcc2 internal prototype to avoid an error.  */
#ifdef __cplusplus
extern "C"
#endif
/* We use char because int might match the return type of a gcc2
   builtin and then its argument prototype would still apply.  */
char add_history ();
#ifdef F77_DUMMY_MAIN
#  ifdef __cplusplus
     extern "C"
#  endif
   int F77_DUMMY_MAIN() { return 1; }
#endif
int
main ()
{
add_history ();
  ;
  return 0;
}
configure:4516: result: no
configure:4542: checking readline/readline.h usability
configure:4551: gcc -c -g -O2  conftest.c >&5
configure:4579:31: error: readline/readline.h: No such file or directory
configure:4554: $? = 1
configure: failed program was:
#line 4544 "configure"
#include "confdefs.h"
#include <stdio.h>
#if HAVE_SYS_TYPES_H
# include <sys/types.h>
#endif
#if HAVE_SYS_STAT_H
# include <sys/stat.h>
#endif
#if STDC_HEADERS
# include <stdlib.h>
# include <stddef.h>
#else
# if HAVE_STDLIB_H
#  include <stdlib.h>
# endif
#endif
#if HAVE_STRING_H
# if !STDC_HEADERS && HAVE_MEMORY_H
#  include <memory.h>
# endif
# include <string.h>
#endif
#if HAVE_STRINGS_H
# include <strings.h>
#endif
#if HAVE_INTTYPES_H
# include <inttypes.h>
#else
# if HAVE_STDINT_H
#  include <stdint.h>
# endif
#endif
#if HAVE_UNISTD_H
# include <unistd.h>
#endif
#include <readline/readline.h>
configure:4569: result: no
configure:4573: checking readline/readline.h presence
configure:4580: gcc -E  conftest.c
configure:4576:31: error: readline/readline.h: No such file or directory
configure:4586: $? = 1
configure: failed program was:
#line 4575 "configure"
#include "confdefs.h"
#include <readline/readline.h>
configure:4604: result: no
configure:4622: checking for readline/readline.h
configure:4629: result: no
configure:4542: checking readline/history.h usability
configure:4551: gcc -c -g -O2  conftest.c >&5
configure:4579:30: error: readline/history.h: No such file or directory
configure:4554: $? = 1
configure: failed program was:
#line 4544 "configure"
#include "confdefs.h"
#include <stdio.h>
#if HAVE_SYS_TYPES_H
# include <sys/types.h>
#endif
#if HAVE_SYS_STAT_H
# include <sys/stat.h>
#endif
#if STDC_HEADERS
# include <stdlib.h>
# include <stddef.h>
#else
# if HAVE_STDLIB_H
#  include <stdlib.h>
# endif
#endif
#if HAVE_STRING_H
# if !STDC_HEADERS && HAVE_MEMORY_H
#  include <memory.h>
# endif
# include <string.h>
#endif
#if HAVE_STRINGS_H
# include <strings.h>
#endif
#if HAVE_INTTYPES_H
# include <inttypes.h>
#else
# if HAVE_STDINT_H
#  include <stdint.h>
# endif
#endif
#if HAVE_UNISTD_H
# include <unistd.h>
#endif
#include <readline/history.h>
configure:4569: result: no
configure:4573: checking readline/history.h presence
configure:4580: gcc -E  conftest.c
configure:4576:30: error: readline/history.h: No such file or directory
configure:4586: $? = 1
configure: failed program was:
#line 4575 "configure"
#include "confdefs.h"
#include <readline/history.h>
configure:4604: result: no
configure:4622: checking for readline/history.h
configure:4629: result: no
configure:4662: checking dlfcn.h usability
configure:4671: gcc -c -g -O2  conftest.c >&5
configure:4674: $? = 0
configure:4677: test -s conftest.o
configure:4680: $? = 0
configure:4689: result: yes
configure:4693: checking dlfcn.h presence
configure:4700: gcc -E  conftest.c
configure:4706: $? = 0
configure:4724: result: yes
configure:4742: checking for dlfcn.h
configure:4749: result: yes
configure:4764: checking for dlopen in -ldl
configure:4797: gcc -o conftest -g -O2   conftest.c -ldl   >&5
configure:4800: $? = 0
configure:4803: test -s conftest
configure:4806: $? = 0
configure:4817: result: yes
configure:4917: checking sys/resource.h usability
configure:4926: gcc -c -g -O2  conftest.c >&5
configure:4929: $? = 0
configure:4932: test -s conftest.o
configure:4935: $? = 0
configure:4944: result: yes
configure:4948: checking sys/resource.h presence
configure:4955: gcc -E  conftest.c
configure:4961: $? = 0
configure:4979: result: yes
configure:4997: checking for sys/resource.h
configure:5004: result: yes
configure:5025: checking for -rdynamic compiler flag
configure:5053: result: -rdynamic
configure:5056: checking for extra libs needed
configure:5067: result: 
configure:5076: checking for leading underscores
configure:5085: gcc -c -g -O2  conftest.c >&5
configure:5088: $? = 0
configure:5091: test -s conftest.o
configure:5094: $? = 0
configure:5112: result: no
configure:5121: checking for trailing underscores
configure:5130: gcc -c -g -O2  conftest.c >&5
configure:5133: $? = 0
configure:5136: test -s conftest.o
configure:5139: $? = 0
configure:5157: result: no
configure:5171: checking for ident support in C compiler
configure:5197: gcc -c -g -O2  conftest.c >&5
configure:5200: $? = 0
configure:5203: test -s conftest.o
configure:5206: $? = 0
configure:5216: result: yes
configure:5226: checking for libdir64 path
configure:5233: result: ${exec_prefix}/lib
configure:5237: checking for VPI subdirectories
configure:5246: result: . 
configure:5330: creating ./config.status

## ---------------------- ##
## Running config.status. ##
## ---------------------- ##

This file was extended by config.status, which was
generated by GNU Autoconf 2.53.  Invocation command line was

  CONFIG_FILES    = 
  CONFIG_HEADERS  = 
  CONFIG_LINKS    = 
  CONFIG_COMMANDS = 
  $ ./config.status 

on suchakra-desktop

config.status:593: creating Makefile
config.status:697: creating config.h
config.status:814: config.h is unchanged

## ---------------- ##
## Cache variables. ##
## ---------------- ##

ac_cv_build=i686-pc-linux
ac_cv_build_alias=i686-pc-linux
ac_cv_c_compiler_gnu=yes
ac_cv_cxx_compiler_gnu=yes
ac_cv_env_CC_set=
ac_cv_env_CC_value=
ac_cv_env_CFLAGS_set=
ac_cv_env_CFLAGS_value=
ac_cv_env_CPPFLAGS_set=
ac_cv_env_CPPFLAGS_value=
ac_cv_env_CPP_set=
ac_cv_env_CPP_value=
ac_cv_env_CXXFLAGS_set=
ac_cv_env_CXXFLAGS_value=
ac_cv_env_CXX_set=
ac_cv_env_CXX_value=
ac_cv_env_LDFLAGS_set=
ac_cv_env_LDFLAGS_value=
ac_cv_env_build_alias_set=
ac_cv_env_build_alias_value=
ac_cv_env_host_alias_set=
ac_cv_env_host_alias_value=
ac_cv_env_target_alias_set=
ac_cv_env_target_alias_value=
ac_cv_exeext=
ac_cv_header_dlfcn_h=yes
ac_cv_header_getopt_h=yes
ac_cv_header_inttypes_h=yes
ac_cv_header_malloc_h=yes
ac_cv_header_memory_h=yes
ac_cv_header_readline_history_h=no
ac_cv_header_readline_readline_h=no
ac_cv_header_stdc=yes
ac_cv_header_stdint_h=yes
ac_cv_header_stdlib_h=yes
ac_cv_header_string_h=yes
ac_cv_header_strings_h=yes
ac_cv_header_sys_resource_h=yes
ac_cv_header_sys_stat_h=yes
ac_cv_header_sys_types_h=yes
ac_cv_header_unistd_h=yes
ac_cv_host=i686-pc-linux
ac_cv_host_alias=i686-pc-linux
ac_cv_lib_dl_dlopen=yes
ac_cv_lib_history_add_history=no
ac_cv_lib_readline_readline=no
ac_cv_lib_termcap_tputs=no
ac_cv_objext=o
ac_cv_path_install='/usr/bin/install -c'
ac_cv_prog_CPP='gcc -E'
ac_cv_prog_LEX=flex
ac_cv_prog_YACC=bison
ac_cv_prog_ac_ct_CC=gcc
ac_cv_prog_ac_ct_CXX=g++
ac_cv_prog_ac_ct_RANLIB=ranlib
ac_cv_prog_ac_ct_STRIP=strip
ac_cv_prog_cc_g=yes
ac_cv_prog_cxx_g=yes
ac_cv_sizeof_unsigned=4
ac_cv_sizeof_unsigned_long=4
ac_cv_sizeof_unsigned_long_long=8
ac_cv_type_unsigned=yes
ac_cv_type_unsigned_long=yes
ac_cv_type_unsigned_long_long=yes
ax_cv_c_underscores_leading=no
ax_cv_c_underscores_trailing=no
ax_cv_cpp_ident=yes

## ----------- ##
## confdefs.h. ##
## ----------- ##

#define PACKAGE_NAME ""
#define PACKAGE_TARNAME ""
#define PACKAGE_VERSION ""
#define PACKAGE_STRING ""
#define PACKAGE_BUGREPORT ""
#ifdef __cplusplus
#include <stdlib.h>
#endif
#define STDC_HEADERS 1
#define HAVE_SYS_TYPES_H 1
#define HAVE_SYS_STAT_H 1
#define HAVE_STDLIB_H 1
#define HAVE_STRING_H 1
#define HAVE_MEMORY_H 1
#define HAVE_STRINGS_H 1
#define HAVE_INTTYPES_H 1
#define HAVE_STDINT_H 1
#define HAVE_UNISTD_H 1
#define HAVE_GETOPT_H 1
#define HAVE_MALLOC_H 1
#define SIZEOF_UNSIGNED_LONG_LONG 8
#define SIZEOF_UNSIGNED_LONG 4
#define SIZEOF_UNSIGNED 4
#define HAVE_DLFCN_H 1
#define HAVE_SYS_RESOURCE_H 1
#define LINUX 1

configure: exit 0
