Grammar

    0 $accept: source_file $end

    1 source_file: header_lines_opt program

    2 header_lines_opt: header_lines
    3                 | /* empty */

    4 header_lines: header_line
    5             | header_lines header_line

    6 header_line: K_vpi_module T_STRING ';'
    7            | K_vpi_time_precision '+' T_NUMBER ';'
    8            | K_vpi_time_precision '-' T_NUMBER ';'

    9 program: statement
   10        | program statement

   11 statement: T_LABEL K_FUNCTOR T_SYMBOL delay ',' symbols ';'
   12          | T_LABEL K_FUNCTOR T_SYMBOL delay '[' T_NUMBER T_NUMBER ']' ',' symbols ';'
   13          | T_LABEL K_UDP_S T_STRING ',' T_NUMBER ',' T_NUMBER ',' udp_table ';'
   14          | T_LABEL K_UDP_C T_STRING ',' T_NUMBER ',' udp_table ';'
   15          | T_LABEL K_UDP T_SYMBOL delay ',' symbols ';'
   16          | T_LABEL K_MEM T_STRING ',' T_NUMBER ',' T_NUMBER ',' numbers ';'
   17          | T_LABEL K_MEM_P T_SYMBOL ',' T_NUMBER ',' T_NUMBER ',' T_NUMBER ',' symbols ';'
   18          | mem_init_stmt
   19          | T_LABEL K_UFUNC T_SYMBOL ',' T_NUMBER ',' symbols '(' symbols ')' symbols ';'
   20          | T_LABEL K_RESOLV T_SYMBOL ',' symbols ';'
   21          | T_LABEL K_FORCE symbol ',' symbols ';'
   22          | T_LABEL K_ARITH_DIV T_NUMBER ',' symbols ';'
   23          | T_LABEL K_ARITH_MOD T_NUMBER ',' symbols ';'
   24          | T_LABEL K_ARITH_MULT T_NUMBER ',' symbols ';'
   25          | T_LABEL K_ARITH_SUB T_NUMBER ',' symbols ';'
   26          | T_LABEL K_ARITH_SUM T_NUMBER ',' symbols ';'
   27          | T_LABEL K_CMP_GE T_NUMBER ',' symbols ';'
   28          | T_LABEL K_CMP_GE_S T_NUMBER ',' symbols ';'
   29          | T_LABEL K_CMP_GT T_NUMBER ',' symbols ';'
   30          | T_LABEL K_CMP_GT_S T_NUMBER ',' symbols ';'
   31          | T_LABEL K_SHIFTL T_NUMBER ',' symbols ';'
   32          | T_LABEL K_SHIFTR T_NUMBER ',' symbols ';'
   33          | T_LABEL K_EVENT T_SYMBOL ',' symbols ';'
   34          | T_LABEL K_EVENT T_STRING ';'
   35          | T_LABEL K_EVENT_OR symbols ';'
   36          | T_LABEL K_WORD T_SYMBOL ',' T_STRING ';'
   37          | label_opt T_INSTR operands_opt ';'
   38          | T_LABEL ';'
   39          | label_opt K_vpi_call T_STRING argument_opt ';'
   40          | label_opt K_vpi_func T_STRING ',' T_NUMBER ',' T_NUMBER argument_opt ';'
   41          | label_opt K_vpi_func_r T_STRING ',' T_NUMBER argument_opt ';'
   42          | label_opt K_disable symbol ';'
   43          | label_opt K_fork symbol ',' symbol ';'
   44          | T_LABEL K_SCOPE T_SYMBOL ',' T_STRING T_STRING ';'
   45          | T_LABEL K_SCOPE T_SYMBOL ',' T_STRING T_STRING ',' T_SYMBOL ';'
   46          | T_LABEL K_SCOPE T_SYMBOL ',' T_STRING ';'
   47          | T_LABEL K_SCOPE T_SYMBOL ',' T_STRING ',' T_SYMBOL ';'
   48          | K_SCOPE T_SYMBOL ';'
   49          | K_TIMESCALE T_NUMBER ';'
   50          | K_TIMESCALE '-' T_NUMBER ';'
   51          | K_THREAD T_SYMBOL ';'
   52          | K_THREAD T_SYMBOL ',' T_SYMBOL ';'
   53          | T_LABEL K_VAR T_STRING ',' signed_t_number ',' signed_t_number ';'
   54          | T_LABEL K_VAR_S T_STRING ',' signed_t_number ',' signed_t_number ';'
   55          | T_LABEL K_VAR_I T_STRING ',' T_NUMBER ',' T_NUMBER ';'
   56          | T_LABEL K_NET T_STRING ',' T_NUMBER ',' T_NUMBER ',' symbols_net ';'
   57          | T_LABEL K_NET_S T_STRING ',' T_NUMBER ',' T_NUMBER ',' symbols_net ';'
   58          | T_LABEL K_PARAM T_STRING ',' T_SYMBOL ',' T_STRING ';'
   59          | ';'

   60 label_opt: T_LABEL
   61          | /* empty */

   62 operands_opt: operands
   63             | /* empty */

   64 operands: operands ',' operand
   65         | operand

   66 operand: symbol
   67        | T_NUMBER

   68 argument_opt: ',' argument_list
   69             | /* empty */

   70 argument_list: argument
   71              | argument_list ',' argument
   72              | T_SYMBOL
   73              | argument_list ',' T_SYMBOL

   74 argument: T_STRING
   75         | T_VECTOR

   76 symbols: symbol
   77        | symbols ',' symbol

   78 numbers: T_NUMBER
   79        | numbers ',' T_NUMBER

   80 symbols_net: symbol_opt
   81            | symbols_net ',' symbol_opt

   82 symbol: T_SYMBOL
   83       | T_SYMBOL '[' T_NUMBER ']'

   84 symbol_opt: symbol
   85           | /* empty */

   86 udp_table: T_STRING
   87          | udp_table ',' T_STRING

   88 mem_init_stmt: K_MEM_I symbol ',' T_NUMBER o_komma
   89              | mem_init_stmt T_NUMBER o_komma

   90 o_komma: /* empty */
   91        | ','

   92 signed_t_number: T_NUMBER
   93                | '-' T_NUMBER

   94 delay: /* empty */
   95      | '(' T_NUMBER ')'
   96      | '(' T_NUMBER ',' T_NUMBER ')'
   97      | '(' T_NUMBER ',' T_NUMBER ',' T_NUMBER ')'


Terminals, with rules where they appear

$end (0) 0
'(' (40) 19 95 96 97
')' (41) 19 95 96 97
'+' (43) 7
',' (44) 11 12 13 14 15 16 17 19 20 21 22 23 24 25 26 27 28 29 30 31
    32 33 36 40 41 43 44 45 46 47 52 53 54 55 56 57 58 64 68 71 73
    77 79 81 87 88 91 96 97
'-' (45) 8 50 93
';' (59) 6 7 8 11 12 13 14 15 16 17 19 20 21 22 23 24 25 26 27 28 29
    30 31 32 33 34 35 36 37 38 39 40 41 42 43 44 45 46 47 48 49 50
    51 52 53 54 55 56 57 58 59
'[' (91) 12 83
']' (93) 12 83
error (256)
K_ARITH_DIV (258) 22
K_ARITH_MOD (259) 23
K_ARITH_MULT (260) 24
K_ARITH_SUB (261) 25
K_ARITH_SUM (262) 26
K_CMP_GE (263) 27
K_CMP_GE_S (264) 28
K_CMP_GT (265) 29
K_CMP_GT_S (266) 30
K_EVENT (267) 33 34
K_EVENT_OR (268) 35
K_FUNCTOR (269) 11 12
K_NET (270) 56
K_NET_S (271) 57
K_PARAM (272) 58
K_RESOLV (273) 20
K_SCOPE (274) 44 45 46 47 48
K_SHIFTL (275) 31
K_SHIFTR (276) 32
K_THREAD (277) 51 52
K_TIMESCALE (278) 49 50
K_UFUNC (279) 19
K_UDP (280) 15
K_UDP_C (281) 14
K_UDP_S (282) 13
K_MEM (283) 16
K_MEM_P (284) 17
K_MEM_I (285) 88
K_FORCE (286) 21
K_WORD (287) 36
K_VAR (288) 53
K_VAR_S (289) 54
K_VAR_I (290) 55
K_vpi_call (291) 39
K_vpi_func (292) 40
K_vpi_func_r (293) 41
K_disable (294) 42
K_fork (295) 43
K_vpi_module (296) 6
K_vpi_time_precision (297) 7 8
T_INSTR (298) 37
T_LABEL (299) 11 12 13 14 15 16 17 19 20 21 22 23 24 25 26 27 28 29
    30 31 32 33 34 35 36 38 44 45 46 47 53 54 55 56 57 58 60
T_NUMBER (300) 7 8 12 13 14 16 17 19 22 23 24 25 26 27 28 29 30 31
    32 40 41 49 50 55 56 57 67 78 79 83 88 89 92 93 95 96 97
T_STRING (301) 6 13 14 16 34 36 39 40 41 44 45 46 47 53 54 55 56 57
    58 74 86 87
T_SYMBOL (302) 11 12 15 17 19 20 33 36 44 45 46 47 48 51 52 58 72 73
    82 83
T_VECTOR (303) 75


Nonterminals, with rules where they appear

$accept (57)
    on left: 0
source_file (58)
    on left: 1, on right: 0
header_lines_opt (59)
    on left: 2 3, on right: 1
header_lines (60)
    on left: 4 5, on right: 2 5
header_line (61)
    on left: 6 7 8, on right: 4 5
program (62)
    on left: 9 10, on right: 1 10
statement (63)
    on left: 11 12 13 14 15 16 17 18 19 20 21 22 23 24 25 26 27 28
    29 30 31 32 33 34 35 36 37 38 39 40 41 42 43 44 45 46 47 48 49
    50 51 52 53 54 55 56 57 58 59, on right: 9 10
label_opt (64)
    on left: 60 61, on right: 37 39 40 41 42 43
operands_opt (65)
    on left: 62 63, on right: 37
operands (66)
    on left: 64 65, on right: 62 64
operand (67)
    on left: 66 67, on right: 64 65
argument_opt (68)
    on left: 68 69, on right: 39 40 41
argument_list (69)
    on left: 70 71 72 73, on right: 68 71 73
argument (70)
    on left: 74 75, on right: 70 71
symbols (71)
    on left: 76 77, on right: 11 12 15 17 19 20 21 22 23 24 25 26 27
    28 29 30 31 32 33 35 77
numbers (72)
    on left: 78 79, on right: 16 79
symbols_net (73)
    on left: 80 81, on right: 56 57 81
symbol (74)
    on left: 82 83, on right: 21 42 43 66 76 77 84 88
symbol_opt (75)
    on left: 84 85, on right: 80 81
udp_table (76)
    on left: 86 87, on right: 13 14 87
mem_init_stmt (77)
    on left: 88 89, on right: 18 89
o_komma (78)
    on left: 90 91, on right: 88 89
signed_t_number (79)
    on left: 92 93, on right: 53 54
delay (80)
    on left: 94 95 96 97, on right: 11 12 15


state 0

    0 $accept: . source_file $end

    K_vpi_module          shift, and go to state 1
    K_vpi_time_precision  shift, and go to state 2

    $default  reduce using rule 3 (header_lines_opt)

    source_file       go to state 3
    header_lines_opt  go to state 4
    header_lines      go to state 5
    header_line       go to state 6


state 1

    6 header_line: K_vpi_module . T_STRING ';'

    T_STRING  shift, and go to state 7


state 2

    7 header_line: K_vpi_time_precision . '+' T_NUMBER ';'
    8            | K_vpi_time_precision . '-' T_NUMBER ';'

    '+'  shift, and go to state 8
    '-'  shift, and go to state 9


state 3

    0 $accept: source_file . $end

    $end  shift, and go to state 10


state 4

    1 source_file: header_lines_opt . program

    K_SCOPE      shift, and go to state 11
    K_THREAD     shift, and go to state 12
    K_TIMESCALE  shift, and go to state 13
    K_MEM_I      shift, and go to state 14
    T_LABEL      shift, and go to state 15
    ';'          shift, and go to state 16

    $default  reduce using rule 61 (label_opt)

    program        go to state 17
    statement      go to state 18
    label_opt      go to state 19
    mem_init_stmt  go to state 20


state 5

    2 header_lines_opt: header_lines .
    5 header_lines: header_lines . header_line

    K_vpi_module          shift, and go to state 1
    K_vpi_time_precision  shift, and go to state 2

    $default  reduce using rule 2 (header_lines_opt)

    header_line  go to state 21


state 6

    4 header_lines: header_line .

    $default  reduce using rule 4 (header_lines)


state 7

    6 header_line: K_vpi_module T_STRING . ';'

    ';'  shift, and go to state 22


state 8

    7 header_line: K_vpi_time_precision '+' . T_NUMBER ';'

    T_NUMBER  shift, and go to state 23


state 9

    8 header_line: K_vpi_time_precision '-' . T_NUMBER ';'

    T_NUMBER  shift, and go to state 24


state 10

    0 $accept: source_file $end .

    $default  accept


state 11

   48 statement: K_SCOPE . T_SYMBOL ';'

    T_SYMBOL  shift, and go to state 25


state 12

   51 statement: K_THREAD . T_SYMBOL ';'
   52          | K_THREAD . T_SYMBOL ',' T_SYMBOL ';'

    T_SYMBOL  shift, and go to state 26


state 13

   49 statement: K_TIMESCALE . T_NUMBER ';'
   50          | K_TIMESCALE . '-' T_NUMBER ';'

    T_NUMBER  shift, and go to state 27
    '-'       shift, and go to state 28


state 14

   88 mem_init_stmt: K_MEM_I . symbol ',' T_NUMBER o_komma

    T_SYMBOL  shift, and go to state 29

    symbol  go to state 30


state 15

   11 statement: T_LABEL . K_FUNCTOR T_SYMBOL delay ',' symbols ';'
   12          | T_LABEL . K_FUNCTOR T_SYMBOL delay '[' T_NUMBER T_NUMBER ']' ',' symbols ';'
   13          | T_LABEL . K_UDP_S T_STRING ',' T_NUMBER ',' T_NUMBER ',' udp_table ';'
   14          | T_LABEL . K_UDP_C T_STRING ',' T_NUMBER ',' udp_table ';'
   15          | T_LABEL . K_UDP T_SYMBOL delay ',' symbols ';'
   16          | T_LABEL . K_MEM T_STRING ',' T_NUMBER ',' T_NUMBER ',' numbers ';'
   17          | T_LABEL . K_MEM_P T_SYMBOL ',' T_NUMBER ',' T_NUMBER ',' T_NUMBER ',' symbols ';'
   19          | T_LABEL . K_UFUNC T_SYMBOL ',' T_NUMBER ',' symbols '(' symbols ')' symbols ';'
   20          | T_LABEL . K_RESOLV T_SYMBOL ',' symbols ';'
   21          | T_LABEL . K_FORCE symbol ',' symbols ';'
   22          | T_LABEL . K_ARITH_DIV T_NUMBER ',' symbols ';'
   23          | T_LABEL . K_ARITH_MOD T_NUMBER ',' symbols ';'
   24          | T_LABEL . K_ARITH_MULT T_NUMBER ',' symbols ';'
   25          | T_LABEL . K_ARITH_SUB T_NUMBER ',' symbols ';'
   26          | T_LABEL . K_ARITH_SUM T_NUMBER ',' symbols ';'
   27          | T_LABEL . K_CMP_GE T_NUMBER ',' symbols ';'
   28          | T_LABEL . K_CMP_GE_S T_NUMBER ',' symbols ';'
   29          | T_LABEL . K_CMP_GT T_NUMBER ',' symbols ';'
   30          | T_LABEL . K_CMP_GT_S T_NUMBER ',' symbols ';'
   31          | T_LABEL . K_SHIFTL T_NUMBER ',' symbols ';'
   32          | T_LABEL . K_SHIFTR T_NUMBER ',' symbols ';'
   33          | T_LABEL . K_EVENT T_SYMBOL ',' symbols ';'
   34          | T_LABEL . K_EVENT T_STRING ';'
   35          | T_LABEL . K_EVENT_OR symbols ';'
   36          | T_LABEL . K_WORD T_SYMBOL ',' T_STRING ';'
   38          | T_LABEL . ';'
   44          | T_LABEL . K_SCOPE T_SYMBOL ',' T_STRING T_STRING ';'
   45          | T_LABEL . K_SCOPE T_SYMBOL ',' T_STRING T_STRING ',' T_SYMBOL ';'
   46          | T_LABEL . K_SCOPE T_SYMBOL ',' T_STRING ';'
   47          | T_LABEL . K_SCOPE T_SYMBOL ',' T_STRING ',' T_SYMBOL ';'
   53          | T_LABEL . K_VAR T_STRING ',' signed_t_number ',' signed_t_number ';'
   54          | T_LABEL . K_VAR_S T_STRING ',' signed_t_number ',' signed_t_number ';'
   55          | T_LABEL . K_VAR_I T_STRING ',' T_NUMBER ',' T_NUMBER ';'
   56          | T_LABEL . K_NET T_STRING ',' T_NUMBER ',' T_NUMBER ',' symbols_net ';'
   57          | T_LABEL . K_NET_S T_STRING ',' T_NUMBER ',' T_NUMBER ',' symbols_net ';'
   58          | T_LABEL . K_PARAM T_STRING ',' T_SYMBOL ',' T_STRING ';'
   60 label_opt: T_LABEL .

    K_ARITH_DIV   shift, and go to state 31
    K_ARITH_MOD   shift, and go to state 32
    K_ARITH_MULT  shift, and go to state 33
    K_ARITH_SUB   shift, and go to state 34
    K_ARITH_SUM   shift, and go to state 35
    K_CMP_GE      shift, and go to state 36
    K_CMP_GE_S    shift, and go to state 37
    K_CMP_GT      shift, and go to state 38
    K_CMP_GT_S    shift, and go to state 39
    K_EVENT       shift, and go to state 40
    K_EVENT_OR    shift, and go to state 41
    K_FUNCTOR     shift, and go to state 42
    K_NET         shift, and go to state 43
    K_NET_S       shift, and go to state 44
    K_PARAM       shift, and go to state 45
    K_RESOLV      shift, and go to state 46
    K_SCOPE       shift, and go to state 47
    K_SHIFTL      shift, and go to state 48
    K_SHIFTR      shift, and go to state 49
    K_UFUNC       shift, and go to state 50
    K_UDP         shift, and go to state 51
    K_UDP_C       shift, and go to state 52
    K_UDP_S       shift, and go to state 53
    K_MEM         shift, and go to state 54
    K_MEM_P       shift, and go to state 55
    K_FORCE       shift, and go to state 56
    K_WORD        shift, and go to state 57
    K_VAR         shift, and go to state 58
    K_VAR_S       shift, and go to state 59
    K_VAR_I       shift, and go to state 60
    ';'           shift, and go to state 61

    $default  reduce using rule 60 (label_opt)


state 16

   59 statement: ';' .

    $default  reduce using rule 59 (statement)


state 17

    1 source_file: header_lines_opt program .
   10 program: program . statement

    K_SCOPE      shift, and go to state 11
    K_THREAD     shift, and go to state 12
    K_TIMESCALE  shift, and go to state 13
    K_MEM_I      shift, and go to state 14
    T_LABEL      shift, and go to state 15
    ';'          shift, and go to state 16

    $end      reduce using rule 1 (source_file)
    $default  reduce using rule 61 (label_opt)

    statement      go to state 62
    label_opt      go to state 19
    mem_init_stmt  go to state 20


state 18

    9 program: statement .

    $default  reduce using rule 9 (program)


state 19

   37 statement: label_opt . T_INSTR operands_opt ';'
   39          | label_opt . K_vpi_call T_STRING argument_opt ';'
   40          | label_opt . K_vpi_func T_STRING ',' T_NUMBER ',' T_NUMBER argument_opt ';'
   41          | label_opt . K_vpi_func_r T_STRING ',' T_NUMBER argument_opt ';'
   42          | label_opt . K_disable symbol ';'
   43          | label_opt . K_fork symbol ',' symbol ';'

    K_vpi_call    shift, and go to state 63
    K_vpi_func    shift, and go to state 64
    K_vpi_func_r  shift, and go to state 65
    K_disable     shift, and go to state 66
    K_fork        shift, and go to state 67
    T_INSTR       shift, and go to state 68


state 20

   18 statement: mem_init_stmt .
   89 mem_init_stmt: mem_init_stmt . T_NUMBER o_komma

    T_NUMBER  shift, and go to state 69

    $default  reduce using rule 18 (statement)


state 21

    5 header_lines: header_lines header_line .

    $default  reduce using rule 5 (header_lines)


state 22

    6 header_line: K_vpi_module T_STRING ';' .

    $default  reduce using rule 6 (header_line)


state 23

    7 header_line: K_vpi_time_precision '+' T_NUMBER . ';'

    ';'  shift, and go to state 70


state 24

    8 header_line: K_vpi_time_precision '-' T_NUMBER . ';'

    ';'  shift, and go to state 71


state 25

   48 statement: K_SCOPE T_SYMBOL . ';'

    ';'  shift, and go to state 72


state 26

   51 statement: K_THREAD T_SYMBOL . ';'
   52          | K_THREAD T_SYMBOL . ',' T_SYMBOL ';'

    ';'  shift, and go to state 73
    ','  shift, and go to state 74


state 27

   49 statement: K_TIMESCALE T_NUMBER . ';'

    ';'  shift, and go to state 75


state 28

   50 statement: K_TIMESCALE '-' . T_NUMBER ';'

    T_NUMBER  shift, and go to state 76


state 29

   82 symbol: T_SYMBOL .
   83       | T_SYMBOL . '[' T_NUMBER ']'

    '['  shift, and go to state 77

    $default  reduce using rule 82 (symbol)


state 30

   88 mem_init_stmt: K_MEM_I symbol . ',' T_NUMBER o_komma

    ','  shift, and go to state 78


state 31

   22 statement: T_LABEL K_ARITH_DIV . T_NUMBER ',' symbols ';'

    T_NUMBER  shift, and go to state 79


state 32

   23 statement: T_LABEL K_ARITH_MOD . T_NUMBER ',' symbols ';'

    T_NUMBER  shift, and go to state 80


state 33

   24 statement: T_LABEL K_ARITH_MULT . T_NUMBER ',' symbols ';'

    T_NUMBER  shift, and go to state 81


state 34

   25 statement: T_LABEL K_ARITH_SUB . T_NUMBER ',' symbols ';'

    T_NUMBER  shift, and go to state 82


state 35

   26 statement: T_LABEL K_ARITH_SUM . T_NUMBER ',' symbols ';'

    T_NUMBER  shift, and go to state 83


state 36

   27 statement: T_LABEL K_CMP_GE . T_NUMBER ',' symbols ';'

    T_NUMBER  shift, and go to state 84


state 37

   28 statement: T_LABEL K_CMP_GE_S . T_NUMBER ',' symbols ';'

    T_NUMBER  shift, and go to state 85


state 38

   29 statement: T_LABEL K_CMP_GT . T_NUMBER ',' symbols ';'

    T_NUMBER  shift, and go to state 86


state 39

   30 statement: T_LABEL K_CMP_GT_S . T_NUMBER ',' symbols ';'

    T_NUMBER  shift, and go to state 87


state 40

   33 statement: T_LABEL K_EVENT . T_SYMBOL ',' symbols ';'
   34          | T_LABEL K_EVENT . T_STRING ';'

    T_STRING  shift, and go to state 88
    T_SYMBOL  shift, and go to state 89


state 41

   35 statement: T_LABEL K_EVENT_OR . symbols ';'

    T_SYMBOL  shift, and go to state 29

    symbols  go to state 90
    symbol   go to state 91


state 42

   11 statement: T_LABEL K_FUNCTOR . T_SYMBOL delay ',' symbols ';'
   12          | T_LABEL K_FUNCTOR . T_SYMBOL delay '[' T_NUMBER T_NUMBER ']' ',' symbols ';'

    T_SYMBOL  shift, and go to state 92


state 43

   56 statement: T_LABEL K_NET . T_STRING ',' T_NUMBER ',' T_NUMBER ',' symbols_net ';'

    T_STRING  shift, and go to state 93


state 44

   57 statement: T_LABEL K_NET_S . T_STRING ',' T_NUMBER ',' T_NUMBER ',' symbols_net ';'

    T_STRING  shift, and go to state 94


state 45

   58 statement: T_LABEL K_PARAM . T_STRING ',' T_SYMBOL ',' T_STRING ';'

    T_STRING  shift, and go to state 95


state 46

   20 statement: T_LABEL K_RESOLV . T_SYMBOL ',' symbols ';'

    T_SYMBOL  shift, and go to state 96


state 47

   44 statement: T_LABEL K_SCOPE . T_SYMBOL ',' T_STRING T_STRING ';'
   45          | T_LABEL K_SCOPE . T_SYMBOL ',' T_STRING T_STRING ',' T_SYMBOL ';'
   46          | T_LABEL K_SCOPE . T_SYMBOL ',' T_STRING ';'
   47          | T_LABEL K_SCOPE . T_SYMBOL ',' T_STRING ',' T_SYMBOL ';'

    T_SYMBOL  shift, and go to state 97


state 48

   31 statement: T_LABEL K_SHIFTL . T_NUMBER ',' symbols ';'

    T_NUMBER  shift, and go to state 98


state 49

   32 statement: T_LABEL K_SHIFTR . T_NUMBER ',' symbols ';'

    T_NUMBER  shift, and go to state 99


state 50

   19 statement: T_LABEL K_UFUNC . T_SYMBOL ',' T_NUMBER ',' symbols '(' symbols ')' symbols ';'

    T_SYMBOL  shift, and go to state 100


state 51

   15 statement: T_LABEL K_UDP . T_SYMBOL delay ',' symbols ';'

    T_SYMBOL  shift, and go to state 101


state 52

   14 statement: T_LABEL K_UDP_C . T_STRING ',' T_NUMBER ',' udp_table ';'

    T_STRING  shift, and go to state 102


state 53

   13 statement: T_LABEL K_UDP_S . T_STRING ',' T_NUMBER ',' T_NUMBER ',' udp_table ';'

    T_STRING  shift, and go to state 103


state 54

   16 statement: T_LABEL K_MEM . T_STRING ',' T_NUMBER ',' T_NUMBER ',' numbers ';'

    T_STRING  shift, and go to state 104


state 55

   17 statement: T_LABEL K_MEM_P . T_SYMBOL ',' T_NUMBER ',' T_NUMBER ',' T_NUMBER ',' symbols ';'

    T_SYMBOL  shift, and go to state 105


state 56

   21 statement: T_LABEL K_FORCE . symbol ',' symbols ';'

    T_SYMBOL  shift, and go to state 29

    symbol  go to state 106


state 57

   36 statement: T_LABEL K_WORD . T_SYMBOL ',' T_STRING ';'

    T_SYMBOL  shift, and go to state 107


state 58

   53 statement: T_LABEL K_VAR . T_STRING ',' signed_t_number ',' signed_t_number ';'

    T_STRING  shift, and go to state 108


state 59

   54 statement: T_LABEL K_VAR_S . T_STRING ',' signed_t_number ',' signed_t_number ';'

    T_STRING  shift, and go to state 109


state 60

   55 statement: T_LABEL K_VAR_I . T_STRING ',' T_NUMBER ',' T_NUMBER ';'

    T_STRING  shift, and go to state 110


state 61

   38 statement: T_LABEL ';' .

    $default  reduce using rule 38 (statement)


state 62

   10 program: program statement .

    $default  reduce using rule 10 (program)


state 63

   39 statement: label_opt K_vpi_call . T_STRING argument_opt ';'

    T_STRING  shift, and go to state 111


state 64

   40 statement: label_opt K_vpi_func . T_STRING ',' T_NUMBER ',' T_NUMBER argument_opt ';'

    T_STRING  shift, and go to state 112


state 65

   41 statement: label_opt K_vpi_func_r . T_STRING ',' T_NUMBER argument_opt ';'

    T_STRING  shift, and go to state 113


state 66

   42 statement: label_opt K_disable . symbol ';'

    T_SYMBOL  shift, and go to state 29

    symbol  go to state 114


state 67

   43 statement: label_opt K_fork . symbol ',' symbol ';'

    T_SYMBOL  shift, and go to state 29

    symbol  go to state 115


state 68

   37 statement: label_opt T_INSTR . operands_opt ';'

    T_NUMBER  shift, and go to state 116
    T_SYMBOL  shift, and go to state 29

    $default  reduce using rule 63 (operands_opt)

    operands_opt  go to state 117
    operands      go to state 118
    operand       go to state 119
    symbol        go to state 120


state 69

   89 mem_init_stmt: mem_init_stmt T_NUMBER . o_komma

    ','  shift, and go to state 121

    $default  reduce using rule 90 (o_komma)

    o_komma  go to state 122


state 70

    7 header_line: K_vpi_time_precision '+' T_NUMBER ';' .

    $default  reduce using rule 7 (header_line)


state 71

    8 header_line: K_vpi_time_precision '-' T_NUMBER ';' .

    $default  reduce using rule 8 (header_line)


state 72

   48 statement: K_SCOPE T_SYMBOL ';' .

    $default  reduce using rule 48 (statement)


state 73

   51 statement: K_THREAD T_SYMBOL ';' .

    $default  reduce using rule 51 (statement)


state 74

   52 statement: K_THREAD T_SYMBOL ',' . T_SYMBOL ';'

    T_SYMBOL  shift, and go to state 123


state 75

   49 statement: K_TIMESCALE T_NUMBER ';' .

    $default  reduce using rule 49 (statement)


state 76

   50 statement: K_TIMESCALE '-' T_NUMBER . ';'

    ';'  shift, and go to state 124


state 77

   83 symbol: T_SYMBOL '[' . T_NUMBER ']'

    T_NUMBER  shift, and go to state 125


state 78

   88 mem_init_stmt: K_MEM_I symbol ',' . T_NUMBER o_komma

    T_NUMBER  shift, and go to state 126


state 79

   22 statement: T_LABEL K_ARITH_DIV T_NUMBER . ',' symbols ';'

    ','  shift, and go to state 127


state 80

   23 statement: T_LABEL K_ARITH_MOD T_NUMBER . ',' symbols ';'

    ','  shift, and go to state 128


state 81

   24 statement: T_LABEL K_ARITH_MULT T_NUMBER . ',' symbols ';'

    ','  shift, and go to state 129


state 82

   25 statement: T_LABEL K_ARITH_SUB T_NUMBER . ',' symbols ';'

    ','  shift, and go to state 130


state 83

   26 statement: T_LABEL K_ARITH_SUM T_NUMBER . ',' symbols ';'

    ','  shift, and go to state 131


state 84

   27 statement: T_LABEL K_CMP_GE T_NUMBER . ',' symbols ';'

    ','  shift, and go to state 132


state 85

   28 statement: T_LABEL K_CMP_GE_S T_NUMBER . ',' symbols ';'

    ','  shift, and go to state 133


state 86

   29 statement: T_LABEL K_CMP_GT T_NUMBER . ',' symbols ';'

    ','  shift, and go to state 134


state 87

   30 statement: T_LABEL K_CMP_GT_S T_NUMBER . ',' symbols ';'

    ','  shift, and go to state 135


state 88

   34 statement: T_LABEL K_EVENT T_STRING . ';'

    ';'  shift, and go to state 136


state 89

   33 statement: T_LABEL K_EVENT T_SYMBOL . ',' symbols ';'

    ','  shift, and go to state 137


state 90

   35 statement: T_LABEL K_EVENT_OR symbols . ';'
   77 symbols: symbols . ',' symbol

    ';'  shift, and go to state 138
    ','  shift, and go to state 139


state 91

   76 symbols: symbol .

    $default  reduce using rule 76 (symbols)


state 92

   11 statement: T_LABEL K_FUNCTOR T_SYMBOL . delay ',' symbols ';'
   12          | T_LABEL K_FUNCTOR T_SYMBOL . delay '[' T_NUMBER T_NUMBER ']' ',' symbols ';'

    '('  shift, and go to state 140

    $default  reduce using rule 94 (delay)

    delay  go to state 141


state 93

   56 statement: T_LABEL K_NET T_STRING . ',' T_NUMBER ',' T_NUMBER ',' symbols_net ';'

    ','  shift, and go to state 142


state 94

   57 statement: T_LABEL K_NET_S T_STRING . ',' T_NUMBER ',' T_NUMBER ',' symbols_net ';'

    ','  shift, and go to state 143


state 95

   58 statement: T_LABEL K_PARAM T_STRING . ',' T_SYMBOL ',' T_STRING ';'

    ','  shift, and go to state 144


state 96

   20 statement: T_LABEL K_RESOLV T_SYMBOL . ',' symbols ';'

    ','  shift, and go to state 145


state 97

   44 statement: T_LABEL K_SCOPE T_SYMBOL . ',' T_STRING T_STRING ';'
   45          | T_LABEL K_SCOPE T_SYMBOL . ',' T_STRING T_STRING ',' T_SYMBOL ';'
   46          | T_LABEL K_SCOPE T_SYMBOL . ',' T_STRING ';'
   47          | T_LABEL K_SCOPE T_SYMBOL . ',' T_STRING ',' T_SYMBOL ';'

    ','  shift, and go to state 146


state 98

   31 statement: T_LABEL K_SHIFTL T_NUMBER . ',' symbols ';'

    ','  shift, and go to state 147


state 99

   32 statement: T_LABEL K_SHIFTR T_NUMBER . ',' symbols ';'

    ','  shift, and go to state 148


state 100

   19 statement: T_LABEL K_UFUNC T_SYMBOL . ',' T_NUMBER ',' symbols '(' symbols ')' symbols ';'

    ','  shift, and go to state 149


state 101

   15 statement: T_LABEL K_UDP T_SYMBOL . delay ',' symbols ';'

    '('  shift, and go to state 140

    $default  reduce using rule 94 (delay)

    delay  go to state 150


state 102

   14 statement: T_LABEL K_UDP_C T_STRING . ',' T_NUMBER ',' udp_table ';'

    ','  shift, and go to state 151


state 103

   13 statement: T_LABEL K_UDP_S T_STRING . ',' T_NUMBER ',' T_NUMBER ',' udp_table ';'

    ','  shift, and go to state 152


state 104

   16 statement: T_LABEL K_MEM T_STRING . ',' T_NUMBER ',' T_NUMBER ',' numbers ';'

    ','  shift, and go to state 153


state 105

   17 statement: T_LABEL K_MEM_P T_SYMBOL . ',' T_NUMBER ',' T_NUMBER ',' T_NUMBER ',' symbols ';'

    ','  shift, and go to state 154


state 106

   21 statement: T_LABEL K_FORCE symbol . ',' symbols ';'

    ','  shift, and go to state 155


state 107

   36 statement: T_LABEL K_WORD T_SYMBOL . ',' T_STRING ';'

    ','  shift, and go to state 156


state 108

   53 statement: T_LABEL K_VAR T_STRING . ',' signed_t_number ',' signed_t_number ';'

    ','  shift, and go to state 157


state 109

   54 statement: T_LABEL K_VAR_S T_STRING . ',' signed_t_number ',' signed_t_number ';'

    ','  shift, and go to state 158


state 110

   55 statement: T_LABEL K_VAR_I T_STRING . ',' T_NUMBER ',' T_NUMBER ';'

    ','  shift, and go to state 159


state 111

   39 statement: label_opt K_vpi_call T_STRING . argument_opt ';'

    ','  shift, and go to state 160

    $default  reduce using rule 69 (argument_opt)

    argument_opt  go to state 161


state 112

   40 statement: label_opt K_vpi_func T_STRING . ',' T_NUMBER ',' T_NUMBER argument_opt ';'

    ','  shift, and go to state 162


state 113

   41 statement: label_opt K_vpi_func_r T_STRING . ',' T_NUMBER argument_opt ';'

    ','  shift, and go to state 163


state 114

   42 statement: label_opt K_disable symbol . ';'

    ';'  shift, and go to state 164


state 115

   43 statement: label_opt K_fork symbol . ',' symbol ';'

    ','  shift, and go to state 165


state 116

   67 operand: T_NUMBER .

    $default  reduce using rule 67 (operand)


state 117

   37 statement: label_opt T_INSTR operands_opt . ';'

    ';'  shift, and go to state 166


state 118

   62 operands_opt: operands .
   64 operands: operands . ',' operand

    ','  shift, and go to state 167

    $default  reduce using rule 62 (operands_opt)


state 119

   65 operands: operand .

    $default  reduce using rule 65 (operands)


state 120

   66 operand: symbol .

    $default  reduce using rule 66 (operand)


state 121

   91 o_komma: ',' .

    $default  reduce using rule 91 (o_komma)


state 122

   89 mem_init_stmt: mem_init_stmt T_NUMBER o_komma .

    $default  reduce using rule 89 (mem_init_stmt)


state 123

   52 statement: K_THREAD T_SYMBOL ',' T_SYMBOL . ';'

    ';'  shift, and go to state 168


state 124

   50 statement: K_TIMESCALE '-' T_NUMBER ';' .

    $default  reduce using rule 50 (statement)


state 125

   83 symbol: T_SYMBOL '[' T_NUMBER . ']'

    ']'  shift, and go to state 169


state 126

   88 mem_init_stmt: K_MEM_I symbol ',' T_NUMBER . o_komma

    ','  shift, and go to state 121

    $default  reduce using rule 90 (o_komma)

    o_komma  go to state 170


state 127

   22 statement: T_LABEL K_ARITH_DIV T_NUMBER ',' . symbols ';'

    T_SYMBOL  shift, and go to state 29

    symbols  go to state 171
    symbol   go to state 91


state 128

   23 statement: T_LABEL K_ARITH_MOD T_NUMBER ',' . symbols ';'

    T_SYMBOL  shift, and go to state 29

    symbols  go to state 172
    symbol   go to state 91


state 129

   24 statement: T_LABEL K_ARITH_MULT T_NUMBER ',' . symbols ';'

    T_SYMBOL  shift, and go to state 29

    symbols  go to state 173
    symbol   go to state 91


state 130

   25 statement: T_LABEL K_ARITH_SUB T_NUMBER ',' . symbols ';'

    T_SYMBOL  shift, and go to state 29

    symbols  go to state 174
    symbol   go to state 91


state 131

   26 statement: T_LABEL K_ARITH_SUM T_NUMBER ',' . symbols ';'

    T_SYMBOL  shift, and go to state 29

    symbols  go to state 175
    symbol   go to state 91


state 132

   27 statement: T_LABEL K_CMP_GE T_NUMBER ',' . symbols ';'

    T_SYMBOL  shift, and go to state 29

    symbols  go to state 176
    symbol   go to state 91


state 133

   28 statement: T_LABEL K_CMP_GE_S T_NUMBER ',' . symbols ';'

    T_SYMBOL  shift, and go to state 29

    symbols  go to state 177
    symbol   go to state 91


state 134

   29 statement: T_LABEL K_CMP_GT T_NUMBER ',' . symbols ';'

    T_SYMBOL  shift, and go to state 29

    symbols  go to state 178
    symbol   go to state 91


state 135

   30 statement: T_LABEL K_CMP_GT_S T_NUMBER ',' . symbols ';'

    T_SYMBOL  shift, and go to state 29

    symbols  go to state 179
    symbol   go to state 91


state 136

   34 statement: T_LABEL K_EVENT T_STRING ';' .

    $default  reduce using rule 34 (statement)


state 137

   33 statement: T_LABEL K_EVENT T_SYMBOL ',' . symbols ';'

    T_SYMBOL  shift, and go to state 29

    symbols  go to state 180
    symbol   go to state 91


state 138

   35 statement: T_LABEL K_EVENT_OR symbols ';' .

    $default  reduce using rule 35 (statement)


state 139

   77 symbols: symbols ',' . symbol

    T_SYMBOL  shift, and go to state 29

    symbol  go to state 181


state 140

   95 delay: '(' . T_NUMBER ')'
   96      | '(' . T_NUMBER ',' T_NUMBER ')'
   97      | '(' . T_NUMBER ',' T_NUMBER ',' T_NUMBER ')'

    T_NUMBER  shift, and go to state 182


state 141

   11 statement: T_LABEL K_FUNCTOR T_SYMBOL delay . ',' symbols ';'
   12          | T_LABEL K_FUNCTOR T_SYMBOL delay . '[' T_NUMBER T_NUMBER ']' ',' symbols ';'

    ','  shift, and go to state 183
    '['  shift, and go to state 184


state 142

   56 statement: T_LABEL K_NET T_STRING ',' . T_NUMBER ',' T_NUMBER ',' symbols_net ';'

    T_NUMBER  shift, and go to state 185


state 143

   57 statement: T_LABEL K_NET_S T_STRING ',' . T_NUMBER ',' T_NUMBER ',' symbols_net ';'

    T_NUMBER  shift, and go to state 186


state 144

   58 statement: T_LABEL K_PARAM T_STRING ',' . T_SYMBOL ',' T_STRING ';'

    T_SYMBOL  shift, and go to state 187


state 145

   20 statement: T_LABEL K_RESOLV T_SYMBOL ',' . symbols ';'

    T_SYMBOL  shift, and go to state 29

    symbols  go to state 188
    symbol   go to state 91


state 146

   44 statement: T_LABEL K_SCOPE T_SYMBOL ',' . T_STRING T_STRING ';'
   45          | T_LABEL K_SCOPE T_SYMBOL ',' . T_STRING T_STRING ',' T_SYMBOL ';'
   46          | T_LABEL K_SCOPE T_SYMBOL ',' . T_STRING ';'
   47          | T_LABEL K_SCOPE T_SYMBOL ',' . T_STRING ',' T_SYMBOL ';'

    T_STRING  shift, and go to state 189


state 147

   31 statement: T_LABEL K_SHIFTL T_NUMBER ',' . symbols ';'

    T_SYMBOL  shift, and go to state 29

    symbols  go to state 190
    symbol   go to state 91


state 148

   32 statement: T_LABEL K_SHIFTR T_NUMBER ',' . symbols ';'

    T_SYMBOL  shift, and go to state 29

    symbols  go to state 191
    symbol   go to state 91


state 149

   19 statement: T_LABEL K_UFUNC T_SYMBOL ',' . T_NUMBER ',' symbols '(' symbols ')' symbols ';'

    T_NUMBER  shift, and go to state 192


state 150

   15 statement: T_LABEL K_UDP T_SYMBOL delay . ',' symbols ';'

    ','  shift, and go to state 193


state 151

   14 statement: T_LABEL K_UDP_C T_STRING ',' . T_NUMBER ',' udp_table ';'

    T_NUMBER  shift, and go to state 194


state 152

   13 statement: T_LABEL K_UDP_S T_STRING ',' . T_NUMBER ',' T_NUMBER ',' udp_table ';'

    T_NUMBER  shift, and go to state 195


state 153

   16 statement: T_LABEL K_MEM T_STRING ',' . T_NUMBER ',' T_NUMBER ',' numbers ';'

    T_NUMBER  shift, and go to state 196


state 154

   17 statement: T_LABEL K_MEM_P T_SYMBOL ',' . T_NUMBER ',' T_NUMBER ',' T_NUMBER ',' symbols ';'

    T_NUMBER  shift, and go to state 197


state 155

   21 statement: T_LABEL K_FORCE symbol ',' . symbols ';'

    T_SYMBOL  shift, and go to state 29

    symbols  go to state 198
    symbol   go to state 91


state 156

   36 statement: T_LABEL K_WORD T_SYMBOL ',' . T_STRING ';'

    T_STRING  shift, and go to state 199


state 157

   53 statement: T_LABEL K_VAR T_STRING ',' . signed_t_number ',' signed_t_number ';'

    T_NUMBER  shift, and go to state 200
    '-'       shift, and go to state 201

    signed_t_number  go to state 202


state 158

   54 statement: T_LABEL K_VAR_S T_STRING ',' . signed_t_number ',' signed_t_number ';'

    T_NUMBER  shift, and go to state 200
    '-'       shift, and go to state 201

    signed_t_number  go to state 203


state 159

   55 statement: T_LABEL K_VAR_I T_STRING ',' . T_NUMBER ',' T_NUMBER ';'

    T_NUMBER  shift, and go to state 204


state 160

   68 argument_opt: ',' . argument_list

    T_STRING  shift, and go to state 205
    T_SYMBOL  shift, and go to state 206
    T_VECTOR  shift, and go to state 207

    argument_list  go to state 208
    argument       go to state 209


state 161

   39 statement: label_opt K_vpi_call T_STRING argument_opt . ';'

    ';'  shift, and go to state 210


state 162

   40 statement: label_opt K_vpi_func T_STRING ',' . T_NUMBER ',' T_NUMBER argument_opt ';'

    T_NUMBER  shift, and go to state 211


state 163

   41 statement: label_opt K_vpi_func_r T_STRING ',' . T_NUMBER argument_opt ';'

    T_NUMBER  shift, and go to state 212


state 164

   42 statement: label_opt K_disable symbol ';' .

    $default  reduce using rule 42 (statement)


state 165

   43 statement: label_opt K_fork symbol ',' . symbol ';'

    T_SYMBOL  shift, and go to state 29

    symbol  go to state 213


state 166

   37 statement: label_opt T_INSTR operands_opt ';' .

    $default  reduce using rule 37 (statement)


state 167

   64 operands: operands ',' . operand

    T_NUMBER  shift, and go to state 116
    T_SYMBOL  shift, and go to state 29

    operand  go to state 214
    symbol   go to state 120


state 168

   52 statement: K_THREAD T_SYMBOL ',' T_SYMBOL ';' .

    $default  reduce using rule 52 (statement)


state 169

   83 symbol: T_SYMBOL '[' T_NUMBER ']' .

    $default  reduce using rule 83 (symbol)


state 170

   88 mem_init_stmt: K_MEM_I symbol ',' T_NUMBER o_komma .

    $default  reduce using rule 88 (mem_init_stmt)


state 171

   22 statement: T_LABEL K_ARITH_DIV T_NUMBER ',' symbols . ';'
   77 symbols: symbols . ',' symbol

    ';'  shift, and go to state 215
    ','  shift, and go to state 139


state 172

   23 statement: T_LABEL K_ARITH_MOD T_NUMBER ',' symbols . ';'
   77 symbols: symbols . ',' symbol

    ';'  shift, and go to state 216
    ','  shift, and go to state 139


state 173

   24 statement: T_LABEL K_ARITH_MULT T_NUMBER ',' symbols . ';'
   77 symbols: symbols . ',' symbol

    ';'  shift, and go to state 217
    ','  shift, and go to state 139


state 174

   25 statement: T_LABEL K_ARITH_SUB T_NUMBER ',' symbols . ';'
   77 symbols: symbols . ',' symbol

    ';'  shift, and go to state 218
    ','  shift, and go to state 139


state 175

   26 statement: T_LABEL K_ARITH_SUM T_NUMBER ',' symbols . ';'
   77 symbols: symbols . ',' symbol

    ';'  shift, and go to state 219
    ','  shift, and go to state 139


state 176

   27 statement: T_LABEL K_CMP_GE T_NUMBER ',' symbols . ';'
   77 symbols: symbols . ',' symbol

    ';'  shift, and go to state 220
    ','  shift, and go to state 139


state 177

   28 statement: T_LABEL K_CMP_GE_S T_NUMBER ',' symbols . ';'
   77 symbols: symbols . ',' symbol

    ';'  shift, and go to state 221
    ','  shift, and go to state 139


state 178

   29 statement: T_LABEL K_CMP_GT T_NUMBER ',' symbols . ';'
   77 symbols: symbols . ',' symbol

    ';'  shift, and go to state 222
    ','  shift, and go to state 139


state 179

   30 statement: T_LABEL K_CMP_GT_S T_NUMBER ',' symbols . ';'
   77 symbols: symbols . ',' symbol

    ';'  shift, and go to state 223
    ','  shift, and go to state 139


state 180

   33 statement: T_LABEL K_EVENT T_SYMBOL ',' symbols . ';'
   77 symbols: symbols . ',' symbol

    ';'  shift, and go to state 224
    ','  shift, and go to state 139


state 181

   77 symbols: symbols ',' symbol .

    $default  reduce using rule 77 (symbols)


state 182

   95 delay: '(' T_NUMBER . ')'
   96      | '(' T_NUMBER . ',' T_NUMBER ')'
   97      | '(' T_NUMBER . ',' T_NUMBER ',' T_NUMBER ')'

    ','  shift, and go to state 225
    ')'  shift, and go to state 226


state 183

   11 statement: T_LABEL K_FUNCTOR T_SYMBOL delay ',' . symbols ';'

    T_SYMBOL  shift, and go to state 29

    symbols  go to state 227
    symbol   go to state 91


state 184

   12 statement: T_LABEL K_FUNCTOR T_SYMBOL delay '[' . T_NUMBER T_NUMBER ']' ',' symbols ';'

    T_NUMBER  shift, and go to state 228


state 185

   56 statement: T_LABEL K_NET T_STRING ',' T_NUMBER . ',' T_NUMBER ',' symbols_net ';'

    ','  shift, and go to state 229


state 186

   57 statement: T_LABEL K_NET_S T_STRING ',' T_NUMBER . ',' T_NUMBER ',' symbols_net ';'

    ','  shift, and go to state 230


state 187

   58 statement: T_LABEL K_PARAM T_STRING ',' T_SYMBOL . ',' T_STRING ';'

    ','  shift, and go to state 231


state 188

   20 statement: T_LABEL K_RESOLV T_SYMBOL ',' symbols . ';'
   77 symbols: symbols . ',' symbol

    ';'  shift, and go to state 232
    ','  shift, and go to state 139


state 189

   44 statement: T_LABEL K_SCOPE T_SYMBOL ',' T_STRING . T_STRING ';'
   45          | T_LABEL K_SCOPE T_SYMBOL ',' T_STRING . T_STRING ',' T_SYMBOL ';'
   46          | T_LABEL K_SCOPE T_SYMBOL ',' T_STRING . ';'
   47          | T_LABEL K_SCOPE T_SYMBOL ',' T_STRING . ',' T_SYMBOL ';'

    T_STRING  shift, and go to state 233
    ';'       shift, and go to state 234
    ','       shift, and go to state 235


state 190

   31 statement: T_LABEL K_SHIFTL T_NUMBER ',' symbols . ';'
   77 symbols: symbols . ',' symbol

    ';'  shift, and go to state 236
    ','  shift, and go to state 139


state 191

   32 statement: T_LABEL K_SHIFTR T_NUMBER ',' symbols . ';'
   77 symbols: symbols . ',' symbol

    ';'  shift, and go to state 237
    ','  shift, and go to state 139


state 192

   19 statement: T_LABEL K_UFUNC T_SYMBOL ',' T_NUMBER . ',' symbols '(' symbols ')' symbols ';'

    ','  shift, and go to state 238


state 193

   15 statement: T_LABEL K_UDP T_SYMBOL delay ',' . symbols ';'

    T_SYMBOL  shift, and go to state 29

    symbols  go to state 239
    symbol   go to state 91


state 194

   14 statement: T_LABEL K_UDP_C T_STRING ',' T_NUMBER . ',' udp_table ';'

    ','  shift, and go to state 240


state 195

   13 statement: T_LABEL K_UDP_S T_STRING ',' T_NUMBER . ',' T_NUMBER ',' udp_table ';'

    ','  shift, and go to state 241


state 196

   16 statement: T_LABEL K_MEM T_STRING ',' T_NUMBER . ',' T_NUMBER ',' numbers ';'

    ','  shift, and go to state 242


state 197

   17 statement: T_LABEL K_MEM_P T_SYMBOL ',' T_NUMBER . ',' T_NUMBER ',' T_NUMBER ',' symbols ';'

    ','  shift, and go to state 243


state 198

   21 statement: T_LABEL K_FORCE symbol ',' symbols . ';'
   77 symbols: symbols . ',' symbol

    ';'  shift, and go to state 244
    ','  shift, and go to state 139


state 199

   36 statement: T_LABEL K_WORD T_SYMBOL ',' T_STRING . ';'

    ';'  shift, and go to state 245


state 200

   92 signed_t_number: T_NUMBER .

    $default  reduce using rule 92 (signed_t_number)


state 201

   93 signed_t_number: '-' . T_NUMBER

    T_NUMBER  shift, and go to state 246


state 202

   53 statement: T_LABEL K_VAR T_STRING ',' signed_t_number . ',' signed_t_number ';'

    ','  shift, and go to state 247


state 203

   54 statement: T_LABEL K_VAR_S T_STRING ',' signed_t_number . ',' signed_t_number ';'

    ','  shift, and go to state 248


state 204

   55 statement: T_LABEL K_VAR_I T_STRING ',' T_NUMBER . ',' T_NUMBER ';'

    ','  shift, and go to state 249


state 205

   74 argument: T_STRING .

    $default  reduce using rule 74 (argument)


state 206

   72 argument_list: T_SYMBOL .

    $default  reduce using rule 72 (argument_list)


state 207

   75 argument: T_VECTOR .

    $default  reduce using rule 75 (argument)


state 208

   68 argument_opt: ',' argument_list .
   71 argument_list: argument_list . ',' argument
   73              | argument_list . ',' T_SYMBOL

    ','  shift, and go to state 250

    $default  reduce using rule 68 (argument_opt)


state 209

   70 argument_list: argument .

    $default  reduce using rule 70 (argument_list)


state 210

   39 statement: label_opt K_vpi_call T_STRING argument_opt ';' .

    $default  reduce using rule 39 (statement)


state 211

   40 statement: label_opt K_vpi_func T_STRING ',' T_NUMBER . ',' T_NUMBER argument_opt ';'

    ','  shift, and go to state 251


state 212

   41 statement: label_opt K_vpi_func_r T_STRING ',' T_NUMBER . argument_opt ';'

    ','  shift, and go to state 160

    $default  reduce using rule 69 (argument_opt)

    argument_opt  go to state 252


state 213

   43 statement: label_opt K_fork symbol ',' symbol . ';'

    ';'  shift, and go to state 253


state 214

   64 operands: operands ',' operand .

    $default  reduce using rule 64 (operands)


state 215

   22 statement: T_LABEL K_ARITH_DIV T_NUMBER ',' symbols ';' .

    $default  reduce using rule 22 (statement)


state 216

   23 statement: T_LABEL K_ARITH_MOD T_NUMBER ',' symbols ';' .

    $default  reduce using rule 23 (statement)


state 217

   24 statement: T_LABEL K_ARITH_MULT T_NUMBER ',' symbols ';' .

    $default  reduce using rule 24 (statement)


state 218

   25 statement: T_LABEL K_ARITH_SUB T_NUMBER ',' symbols ';' .

    $default  reduce using rule 25 (statement)


state 219

   26 statement: T_LABEL K_ARITH_SUM T_NUMBER ',' symbols ';' .

    $default  reduce using rule 26 (statement)


state 220

   27 statement: T_LABEL K_CMP_GE T_NUMBER ',' symbols ';' .

    $default  reduce using rule 27 (statement)


state 221

   28 statement: T_LABEL K_CMP_GE_S T_NUMBER ',' symbols ';' .

    $default  reduce using rule 28 (statement)


state 222

   29 statement: T_LABEL K_CMP_GT T_NUMBER ',' symbols ';' .

    $default  reduce using rule 29 (statement)


state 223

   30 statement: T_LABEL K_CMP_GT_S T_NUMBER ',' symbols ';' .

    $default  reduce using rule 30 (statement)


state 224

   33 statement: T_LABEL K_EVENT T_SYMBOL ',' symbols ';' .

    $default  reduce using rule 33 (statement)


state 225

   96 delay: '(' T_NUMBER ',' . T_NUMBER ')'
   97      | '(' T_NUMBER ',' . T_NUMBER ',' T_NUMBER ')'

    T_NUMBER  shift, and go to state 254


state 226

   95 delay: '(' T_NUMBER ')' .

    $default  reduce using rule 95 (delay)


state 227

   11 statement: T_LABEL K_FUNCTOR T_SYMBOL delay ',' symbols . ';'
   77 symbols: symbols . ',' symbol

    ';'  shift, and go to state 255
    ','  shift, and go to state 139


state 228

   12 statement: T_LABEL K_FUNCTOR T_SYMBOL delay '[' T_NUMBER . T_NUMBER ']' ',' symbols ';'

    T_NUMBER  shift, and go to state 256


state 229

   56 statement: T_LABEL K_NET T_STRING ',' T_NUMBER ',' . T_NUMBER ',' symbols_net ';'

    T_NUMBER  shift, and go to state 257


state 230

   57 statement: T_LABEL K_NET_S T_STRING ',' T_NUMBER ',' . T_NUMBER ',' symbols_net ';'

    T_NUMBER  shift, and go to state 258


state 231

   58 statement: T_LABEL K_PARAM T_STRING ',' T_SYMBOL ',' . T_STRING ';'

    T_STRING  shift, and go to state 259


state 232

   20 statement: T_LABEL K_RESOLV T_SYMBOL ',' symbols ';' .

    $default  reduce using rule 20 (statement)


state 233

   44 statement: T_LABEL K_SCOPE T_SYMBOL ',' T_STRING T_STRING . ';'
   45          | T_LABEL K_SCOPE T_SYMBOL ',' T_STRING T_STRING . ',' T_SYMBOL ';'

    ';'  shift, and go to state 260
    ','  shift, and go to state 261


state 234

   46 statement: T_LABEL K_SCOPE T_SYMBOL ',' T_STRING ';' .

    $default  reduce using rule 46 (statement)


state 235

   47 statement: T_LABEL K_SCOPE T_SYMBOL ',' T_STRING ',' . T_SYMBOL ';'

    T_SYMBOL  shift, and go to state 262


state 236

   31 statement: T_LABEL K_SHIFTL T_NUMBER ',' symbols ';' .

    $default  reduce using rule 31 (statement)


state 237

   32 statement: T_LABEL K_SHIFTR T_NUMBER ',' symbols ';' .

    $default  reduce using rule 32 (statement)


state 238

   19 statement: T_LABEL K_UFUNC T_SYMBOL ',' T_NUMBER ',' . symbols '(' symbols ')' symbols ';'

    T_SYMBOL  shift, and go to state 29

    symbols  go to state 263
    symbol   go to state 91


state 239

   15 statement: T_LABEL K_UDP T_SYMBOL delay ',' symbols . ';'
   77 symbols: symbols . ',' symbol

    ';'  shift, and go to state 264
    ','  shift, and go to state 139


state 240

   14 statement: T_LABEL K_UDP_C T_STRING ',' T_NUMBER ',' . udp_table ';'

    T_STRING  shift, and go to state 265

    udp_table  go to state 266


state 241

   13 statement: T_LABEL K_UDP_S T_STRING ',' T_NUMBER ',' . T_NUMBER ',' udp_table ';'

    T_NUMBER  shift, and go to state 267


state 242

   16 statement: T_LABEL K_MEM T_STRING ',' T_NUMBER ',' . T_NUMBER ',' numbers ';'

    T_NUMBER  shift, and go to state 268


state 243

   17 statement: T_LABEL K_MEM_P T_SYMBOL ',' T_NUMBER ',' . T_NUMBER ',' T_NUMBER ',' symbols ';'

    T_NUMBER  shift, and go to state 269


state 244

   21 statement: T_LABEL K_FORCE symbol ',' symbols ';' .

    $default  reduce using rule 21 (statement)


state 245

   36 statement: T_LABEL K_WORD T_SYMBOL ',' T_STRING ';' .

    $default  reduce using rule 36 (statement)


state 246

   93 signed_t_number: '-' T_NUMBER .

    $default  reduce using rule 93 (signed_t_number)


state 247

   53 statement: T_LABEL K_VAR T_STRING ',' signed_t_number ',' . signed_t_number ';'

    T_NUMBER  shift, and go to state 200
    '-'       shift, and go to state 201

    signed_t_number  go to state 270


state 248

   54 statement: T_LABEL K_VAR_S T_STRING ',' signed_t_number ',' . signed_t_number ';'

    T_NUMBER  shift, and go to state 200
    '-'       shift, and go to state 201

    signed_t_number  go to state 271


state 249

   55 statement: T_LABEL K_VAR_I T_STRING ',' T_NUMBER ',' . T_NUMBER ';'

    T_NUMBER  shift, and go to state 272


state 250

   71 argument_list: argument_list ',' . argument
   73              | argument_list ',' . T_SYMBOL

    T_STRING  shift, and go to state 205
    T_SYMBOL  shift, and go to state 273
    T_VECTOR  shift, and go to state 207

    argument  go to state 274


state 251

   40 statement: label_opt K_vpi_func T_STRING ',' T_NUMBER ',' . T_NUMBER argument_opt ';'

    T_NUMBER  shift, and go to state 275


state 252

   41 statement: label_opt K_vpi_func_r T_STRING ',' T_NUMBER argument_opt . ';'

    ';'  shift, and go to state 276


state 253

   43 statement: label_opt K_fork symbol ',' symbol ';' .

    $default  reduce using rule 43 (statement)


state 254

   96 delay: '(' T_NUMBER ',' T_NUMBER . ')'
   97      | '(' T_NUMBER ',' T_NUMBER . ',' T_NUMBER ')'

    ','  shift, and go to state 277
    ')'  shift, and go to state 278


state 255

   11 statement: T_LABEL K_FUNCTOR T_SYMBOL delay ',' symbols ';' .

    $default  reduce using rule 11 (statement)


state 256

   12 statement: T_LABEL K_FUNCTOR T_SYMBOL delay '[' T_NUMBER T_NUMBER . ']' ',' symbols ';'

    ']'  shift, and go to state 279


state 257

   56 statement: T_LABEL K_NET T_STRING ',' T_NUMBER ',' T_NUMBER . ',' symbols_net ';'

    ','  shift, and go to state 280


state 258

   57 statement: T_LABEL K_NET_S T_STRING ',' T_NUMBER ',' T_NUMBER . ',' symbols_net ';'

    ','  shift, and go to state 281


state 259

   58 statement: T_LABEL K_PARAM T_STRING ',' T_SYMBOL ',' T_STRING . ';'

    ';'  shift, and go to state 282


state 260

   44 statement: T_LABEL K_SCOPE T_SYMBOL ',' T_STRING T_STRING ';' .

    $default  reduce using rule 44 (statement)


state 261

   45 statement: T_LABEL K_SCOPE T_SYMBOL ',' T_STRING T_STRING ',' . T_SYMBOL ';'

    T_SYMBOL  shift, and go to state 283


state 262

   47 statement: T_LABEL K_SCOPE T_SYMBOL ',' T_STRING ',' T_SYMBOL . ';'

    ';'  shift, and go to state 284


state 263

   19 statement: T_LABEL K_UFUNC T_SYMBOL ',' T_NUMBER ',' symbols . '(' symbols ')' symbols ';'
   77 symbols: symbols . ',' symbol

    ','  shift, and go to state 139
    '('  shift, and go to state 285


state 264

   15 statement: T_LABEL K_UDP T_SYMBOL delay ',' symbols ';' .

    $default  reduce using rule 15 (statement)


state 265

   86 udp_table: T_STRING .

    $default  reduce using rule 86 (udp_table)


state 266

   14 statement: T_LABEL K_UDP_C T_STRING ',' T_NUMBER ',' udp_table . ';'
   87 udp_table: udp_table . ',' T_STRING

    ';'  shift, and go to state 286
    ','  shift, and go to state 287


state 267

   13 statement: T_LABEL K_UDP_S T_STRING ',' T_NUMBER ',' T_NUMBER . ',' udp_table ';'

    ','  shift, and go to state 288


state 268

   16 statement: T_LABEL K_MEM T_STRING ',' T_NUMBER ',' T_NUMBER . ',' numbers ';'

    ','  shift, and go to state 289


state 269

   17 statement: T_LABEL K_MEM_P T_SYMBOL ',' T_NUMBER ',' T_NUMBER . ',' T_NUMBER ',' symbols ';'

    ','  shift, and go to state 290


state 270

   53 statement: T_LABEL K_VAR T_STRING ',' signed_t_number ',' signed_t_number . ';'

    ';'  shift, and go to state 291


state 271

   54 statement: T_LABEL K_VAR_S T_STRING ',' signed_t_number ',' signed_t_number . ';'

    ';'  shift, and go to state 292


state 272

   55 statement: T_LABEL K_VAR_I T_STRING ',' T_NUMBER ',' T_NUMBER . ';'

    ';'  shift, and go to state 293


state 273

   73 argument_list: argument_list ',' T_SYMBOL .

    $default  reduce using rule 73 (argument_list)


state 274

   71 argument_list: argument_list ',' argument .

    $default  reduce using rule 71 (argument_list)


state 275

   40 statement: label_opt K_vpi_func T_STRING ',' T_NUMBER ',' T_NUMBER . argument_opt ';'

    ','  shift, and go to state 160

    $default  reduce using rule 69 (argument_opt)

    argument_opt  go to state 294


state 276

   41 statement: label_opt K_vpi_func_r T_STRING ',' T_NUMBER argument_opt ';' .

    $default  reduce using rule 41 (statement)


state 277

   97 delay: '(' T_NUMBER ',' T_NUMBER ',' . T_NUMBER ')'

    T_NUMBER  shift, and go to state 295


state 278

   96 delay: '(' T_NUMBER ',' T_NUMBER ')' .

    $default  reduce using rule 96 (delay)


state 279

   12 statement: T_LABEL K_FUNCTOR T_SYMBOL delay '[' T_NUMBER T_NUMBER ']' . ',' symbols ';'

    ','  shift, and go to state 296


state 280

   56 statement: T_LABEL K_NET T_STRING ',' T_NUMBER ',' T_NUMBER ',' . symbols_net ';'

    T_SYMBOL  shift, and go to state 29

    $default  reduce using rule 85 (symbol_opt)

    symbols_net  go to state 297
    symbol       go to state 298
    symbol_opt   go to state 299


state 281

   57 statement: T_LABEL K_NET_S T_STRING ',' T_NUMBER ',' T_NUMBER ',' . symbols_net ';'

    T_SYMBOL  shift, and go to state 29

    $default  reduce using rule 85 (symbol_opt)

    symbols_net  go to state 300
    symbol       go to state 298
    symbol_opt   go to state 299


state 282

   58 statement: T_LABEL K_PARAM T_STRING ',' T_SYMBOL ',' T_STRING ';' .

    $default  reduce using rule 58 (statement)


state 283

   45 statement: T_LABEL K_SCOPE T_SYMBOL ',' T_STRING T_STRING ',' T_SYMBOL . ';'

    ';'  shift, and go to state 301


state 284

   47 statement: T_LABEL K_SCOPE T_SYMBOL ',' T_STRING ',' T_SYMBOL ';' .

    $default  reduce using rule 47 (statement)


state 285

   19 statement: T_LABEL K_UFUNC T_SYMBOL ',' T_NUMBER ',' symbols '(' . symbols ')' symbols ';'

    T_SYMBOL  shift, and go to state 29

    symbols  go to state 302
    symbol   go to state 91


state 286

   14 statement: T_LABEL K_UDP_C T_STRING ',' T_NUMBER ',' udp_table ';' .

    $default  reduce using rule 14 (statement)


state 287

   87 udp_table: udp_table ',' . T_STRING

    T_STRING  shift, and go to state 303


state 288

   13 statement: T_LABEL K_UDP_S T_STRING ',' T_NUMBER ',' T_NUMBER ',' . udp_table ';'

    T_STRING  shift, and go to state 265

    udp_table  go to state 304


state 289

   16 statement: T_LABEL K_MEM T_STRING ',' T_NUMBER ',' T_NUMBER ',' . numbers ';'

    T_NUMBER  shift, and go to state 305

    numbers  go to state 306


state 290

   17 statement: T_LABEL K_MEM_P T_SYMBOL ',' T_NUMBER ',' T_NUMBER ',' . T_NUMBER ',' symbols ';'

    T_NUMBER  shift, and go to state 307


state 291

   53 statement: T_LABEL K_VAR T_STRING ',' signed_t_number ',' signed_t_number ';' .

    $default  reduce using rule 53 (statement)


state 292

   54 statement: T_LABEL K_VAR_S T_STRING ',' signed_t_number ',' signed_t_number ';' .

    $default  reduce using rule 54 (statement)


state 293

   55 statement: T_LABEL K_VAR_I T_STRING ',' T_NUMBER ',' T_NUMBER ';' .

    $default  reduce using rule 55 (statement)


state 294

   40 statement: label_opt K_vpi_func T_STRING ',' T_NUMBER ',' T_NUMBER argument_opt . ';'

    ';'  shift, and go to state 308


state 295

   97 delay: '(' T_NUMBER ',' T_NUMBER ',' T_NUMBER . ')'

    ')'  shift, and go to state 309


state 296

   12 statement: T_LABEL K_FUNCTOR T_SYMBOL delay '[' T_NUMBER T_NUMBER ']' ',' . symbols ';'

    T_SYMBOL  shift, and go to state 29

    symbols  go to state 310
    symbol   go to state 91


state 297

   56 statement: T_LABEL K_NET T_STRING ',' T_NUMBER ',' T_NUMBER ',' symbols_net . ';'
   81 symbols_net: symbols_net . ',' symbol_opt

    ';'  shift, and go to state 311
    ','  shift, and go to state 312


state 298

   84 symbol_opt: symbol .

    $default  reduce using rule 84 (symbol_opt)


state 299

   80 symbols_net: symbol_opt .

    $default  reduce using rule 80 (symbols_net)


state 300

   57 statement: T_LABEL K_NET_S T_STRING ',' T_NUMBER ',' T_NUMBER ',' symbols_net . ';'
   81 symbols_net: symbols_net . ',' symbol_opt

    ';'  shift, and go to state 313
    ','  shift, and go to state 312


state 301

   45 statement: T_LABEL K_SCOPE T_SYMBOL ',' T_STRING T_STRING ',' T_SYMBOL ';' .

    $default  reduce using rule 45 (statement)


state 302

   19 statement: T_LABEL K_UFUNC T_SYMBOL ',' T_NUMBER ',' symbols '(' symbols . ')' symbols ';'
   77 symbols: symbols . ',' symbol

    ','  shift, and go to state 139
    ')'  shift, and go to state 314


state 303

   87 udp_table: udp_table ',' T_STRING .

    $default  reduce using rule 87 (udp_table)


state 304

   13 statement: T_LABEL K_UDP_S T_STRING ',' T_NUMBER ',' T_NUMBER ',' udp_table . ';'
   87 udp_table: udp_table . ',' T_STRING

    ';'  shift, and go to state 315
    ','  shift, and go to state 287


state 305

   78 numbers: T_NUMBER .

    $default  reduce using rule 78 (numbers)


state 306

   16 statement: T_LABEL K_MEM T_STRING ',' T_NUMBER ',' T_NUMBER ',' numbers . ';'
   79 numbers: numbers . ',' T_NUMBER

    ';'  shift, and go to state 316
    ','  shift, and go to state 317


state 307

   17 statement: T_LABEL K_MEM_P T_SYMBOL ',' T_NUMBER ',' T_NUMBER ',' T_NUMBER . ',' symbols ';'

    ','  shift, and go to state 318


state 308

   40 statement: label_opt K_vpi_func T_STRING ',' T_NUMBER ',' T_NUMBER argument_opt ';' .

    $default  reduce using rule 40 (statement)


state 309

   97 delay: '(' T_NUMBER ',' T_NUMBER ',' T_NUMBER ')' .

    $default  reduce using rule 97 (delay)


state 310

   12 statement: T_LABEL K_FUNCTOR T_SYMBOL delay '[' T_NUMBER T_NUMBER ']' ',' symbols . ';'
   77 symbols: symbols . ',' symbol

    ';'  shift, and go to state 319
    ','  shift, and go to state 139


state 311

   56 statement: T_LABEL K_NET T_STRING ',' T_NUMBER ',' T_NUMBER ',' symbols_net ';' .

    $default  reduce using rule 56 (statement)


state 312

   81 symbols_net: symbols_net ',' . symbol_opt

    T_SYMBOL  shift, and go to state 29

    $default  reduce using rule 85 (symbol_opt)

    symbol      go to state 298
    symbol_opt  go to state 320


state 313

   57 statement: T_LABEL K_NET_S T_STRING ',' T_NUMBER ',' T_NUMBER ',' symbols_net ';' .

    $default  reduce using rule 57 (statement)


state 314

   19 statement: T_LABEL K_UFUNC T_SYMBOL ',' T_NUMBER ',' symbols '(' symbols ')' . symbols ';'

    T_SYMBOL  shift, and go to state 29

    symbols  go to state 321
    symbol   go to state 91


state 315

   13 statement: T_LABEL K_UDP_S T_STRING ',' T_NUMBER ',' T_NUMBER ',' udp_table ';' .

    $default  reduce using rule 13 (statement)


state 316

   16 statement: T_LABEL K_MEM T_STRING ',' T_NUMBER ',' T_NUMBER ',' numbers ';' .

    $default  reduce using rule 16 (statement)


state 317

   79 numbers: numbers ',' . T_NUMBER

    T_NUMBER  shift, and go to state 322


state 318

   17 statement: T_LABEL K_MEM_P T_SYMBOL ',' T_NUMBER ',' T_NUMBER ',' T_NUMBER ',' . symbols ';'

    T_SYMBOL  shift, and go to state 29

    symbols  go to state 323
    symbol   go to state 91


state 319

   12 statement: T_LABEL K_FUNCTOR T_SYMBOL delay '[' T_NUMBER T_NUMBER ']' ',' symbols ';' .

    $default  reduce using rule 12 (statement)


state 320

   81 symbols_net: symbols_net ',' symbol_opt .

    $default  reduce using rule 81 (symbols_net)


state 321

   19 statement: T_LABEL K_UFUNC T_SYMBOL ',' T_NUMBER ',' symbols '(' symbols ')' symbols . ';'
   77 symbols: symbols . ',' symbol

    ';'  shift, and go to state 324
    ','  shift, and go to state 139


state 322

   79 numbers: numbers ',' T_NUMBER .

    $default  reduce using rule 79 (numbers)


state 323

   17 statement: T_LABEL K_MEM_P T_SYMBOL ',' T_NUMBER ',' T_NUMBER ',' T_NUMBER ',' symbols . ';'
   77 symbols: symbols . ',' symbol

    ';'  shift, and go to state 325
    ','  shift, and go to state 139


state 324

   19 statement: T_LABEL K_UFUNC T_SYMBOL ',' T_NUMBER ',' symbols '(' symbols ')' symbols ';' .

    $default  reduce using rule 19 (statement)


state 325

   17 statement: T_LABEL K_MEM_P T_SYMBOL ',' T_NUMBER ',' T_NUMBER ',' T_NUMBER ',' symbols ';' .

    $default  reduce using rule 17 (statement)
