This file contains any messages produced by compilers while
running configure, to aid debugging if configure makes a mistake.

It was created by configure, which was
generated by GNU Autoconf 2.53.  Invocation command line was

  $ ./configure --prefix=/usr/local --cache-file=/dev/null --srcdir=.

## --------- ##
## Platform. ##
## --------- ##

hostname = suchakra-desktop
uname -m = i686
uname -r = 2.6.28-11-generic
uname -s = Linux
uname -v = #42-Ubuntu SMP Fri Apr 17 01:57:59 UTC 2009

/usr/bin/uname -p = unknown
/bin/uname -X     = unknown

/bin/arch              = unknown
/usr/bin/arch -k       = unknown
/usr/convex/getsysinfo = unknown
hostinfo               = unknown
/bin/machine           = unknown
/usr/bin/oslevel       = unknown
/bin/universe          = unknown

PATH: /usr/local/sbin
PATH: /usr/local/bin
PATH: /usr/sbin
PATH: /usr/bin
PATH: /sbin
PATH: /bin
PATH: /usr/games
PATH: /opt/cross-compiler/usr/local/arm/4.3.2/bin


## ----------- ##
## Core tests. ##
## ----------- ##

configure:1232: checking for gcc
configure:1248: found /usr/bin/gcc
configure:1258: result: gcc
configure:1502: checking for C compiler version
configure:1505: gcc --version </dev/null >&5
gcc (Ubuntu 4.3.3-5ubuntu4) 4.3.3
Copyright (C) 2008 Free Software Foundation, Inc.
This is free software; see the source for copying conditions.  There is NO
warranty; not even for MERCHANTABILITY or FITNESS FOR A PARTICULAR PURPOSE.

configure:1508: $? = 0
configure:1510: gcc -v </dev/null >&5
Using built-in specs.
Target: i486-linux-gnu
Configured with: ../src/configure -v --with-pkgversion='Ubuntu 4.3.3-5ubuntu4' --with-bugurl=file:///usr/share/doc/gcc-4.3/README.Bugs --enable-languages=c,c++,fortran,objc,obj-c++ --prefix=/usr --enable-shared --with-system-zlib --libexecdir=/usr/lib --without-included-gettext --enable-threads=posix --enable-nls --with-gxx-include-dir=/usr/include/c++/4.3 --program-suffix=-4.3 --enable-clocale=gnu --enable-libstdcxx-debug --enable-objc-gc --enable-mpfr --enable-targets=all --with-tune=generic --enable-checking=release --build=i486-linux-gnu --host=i486-linux-gnu --target=i486-linux-gnu
Thread model: posix
gcc version 4.3.3 (Ubuntu 4.3.3-5ubuntu4) 
configure:1513: $? = 0
configure:1515: gcc -V </dev/null >&5
gcc: '-V' option must have argument
configure:1518: $? = 1
configure:1544: checking for C compiler default output
configure:1547: gcc    conftest.c  >&5
configure:1550: $? = 0
configure:1583: result: a.out
configure:1588: checking whether the C compiler works
configure:1594: ./a.out
configure:1597: $? = 0
configure:1612: result: yes
configure:1619: checking whether we are cross compiling
configure:1621: result: no
configure:1624: checking for suffix of executables
configure:1626: gcc -o conftest    conftest.c  >&5
configure:1629: $? = 0
configure:1651: result: 
configure:1657: checking for suffix of object files
configure:1681: gcc -c   conftest.c >&5
configure:1684: $? = 0
configure:1703: result: o
configure:1707: checking whether we are using the GNU C compiler
configure:1734: gcc -c   conftest.c >&5
configure:1737: $? = 0
configure:1740: test -s conftest.o
configure:1743: $? = 0
configure:1755: result: yes
configure:1761: checking whether gcc accepts -g
configure:1785: gcc -c -g  conftest.c >&5
configure:1788: $? = 0
configure:1791: test -s conftest.o
configure:1794: $? = 0
configure:1804: result: yes
configure:1831: gcc -c -g -O2  conftest.c >&5
conftest.c:2: error: expected '=', ',', ';', 'asm' or '__attribute__' before 'me'
configure:1834: $? = 1
configure: failed program was:
#ifndef __cplusplus
  choke me
#endif
configure:1982: checking for a BSD-compatible install
configure:2036: result: /usr/bin/install -c
configure:2054: checking build system type
configure:2072: result: i686-pc-linux
configure:2082: checking host system type
configure:2096: result: i686-pc-linux
configure:2120: checking for Microsoft Windows
configure:2128: result: no
configure:2138: checking how to run the C preprocessor
configure:2164: gcc -E  conftest.c
configure:2170: $? = 0
configure:2197: gcc -E  conftest.c
configure:2193:28: error: ac_nonexistent.h: No such file or directory
configure:2203: $? = 1
configure: failed program was:
#line 2192 "configure"
#include "confdefs.h"
#include <ac_nonexistent.h>
configure:2240: result: gcc -E
configure:2255: gcc -E  conftest.c
configure:2261: $? = 0
configure:2288: gcc -E  conftest.c
configure:2284:28: error: ac_nonexistent.h: No such file or directory
configure:2294: $? = 1
configure: failed program was:
#line 2283 "configure"
#include "confdefs.h"
#include <ac_nonexistent.h>
configure:2334: checking for ANSI C header files
configure:2348: gcc -E  conftest.c
configure:2354: $? = 0
configure:2441: gcc -o conftest -g -O2   conftest.c  >&5
configure: In function 'main':
configure:2432: warning: incompatible implicit declaration of built-in function 'exit'
configure:2444: $? = 0
configure:2446: ./conftest
configure:2449: $? = 0
configure:2463: result: yes
configure:2487: checking for sys/types.h
configure:2500: gcc -c -g -O2  conftest.c >&5
configure:2503: $? = 0
configure:2506: test -s conftest.o
configure:2509: $? = 0
configure:2519: result: yes
configure:2487: checking for sys/stat.h
configure:2500: gcc -c -g -O2  conftest.c >&5
configure:2503: $? = 0
configure:2506: test -s conftest.o
configure:2509: $? = 0
configure:2519: result: yes
configure:2487: checking for stdlib.h
configure:2500: gcc -c -g -O2  conftest.c >&5
configure:2503: $? = 0
configure:2506: test -s conftest.o
configure:2509: $? = 0
configure:2519: result: yes
configure:2487: checking for string.h
configure:2500: gcc -c -g -O2  conftest.c >&5
configure:2503: $? = 0
configure:2506: test -s conftest.o
configure:2509: $? = 0
configure:2519: result: yes
configure:2487: checking for memory.h
configure:2500: gcc -c -g -O2  conftest.c >&5
configure:2503: $? = 0
configure:2506: test -s conftest.o
configure:2509: $? = 0
configure:2519: result: yes
configure:2487: checking for strings.h
configure:2500: gcc -c -g -O2  conftest.c >&5
configure:2503: $? = 0
configure:2506: test -s conftest.o
configure:2509: $? = 0
configure:2519: result: yes
configure:2487: checking for inttypes.h
configure:2500: gcc -c -g -O2  conftest.c >&5
configure:2503: $? = 0
configure:2506: test -s conftest.o
configure:2509: $? = 0
configure:2519: result: yes
configure:2487: checking for stdint.h
configure:2500: gcc -c -g -O2  conftest.c >&5
configure:2503: $? = 0
configure:2506: test -s conftest.o
configure:2509: $? = 0
configure:2519: result: yes
configure:2487: checking for unistd.h
configure:2500: gcc -c -g -O2  conftest.c >&5
configure:2503: $? = 0
configure:2506: test -s conftest.o
configure:2509: $? = 0
configure:2519: result: yes
configure:2545: checking malloc.h usability
configure:2554: gcc -c -g -O2  conftest.c >&5
configure:2557: $? = 0
configure:2560: test -s conftest.o
configure:2563: $? = 0
configure:2572: result: yes
configure:2576: checking malloc.h presence
configure:2583: gcc -E  conftest.c
configure:2589: $? = 0
configure:2607: result: yes
configure:2625: checking for malloc.h
configure:2632: result: yes
configure:2669: checking for fopen64
configure:2712: gcc -o conftest -g -O2   conftest.c  >&5
configure:2715: $? = 0
configure:2718: test -s conftest
configure:2721: $? = 0
configure:2731: result: yes
configure:2745: checking "for flag to make position independent code"
configure:2760: result: -fPIC
configure:2763: checking "for shared library link flag"
configure:2786: result: -shared
configure:2789: checking for ident support in C compiler
configure:2815: gcc -c -g -O2  conftest.c >&5
configure:2818: $? = 0
configure:2821: test -s conftest.o
configure:2824: $? = 0
configure:2834: result: yes
configure:2923: creating ./config.status

## ---------------------- ##
## Running config.status. ##
## ---------------------- ##

This file was extended by config.status, which was
generated by GNU Autoconf 2.53.  Invocation command line was

  CONFIG_FILES    = 
  CONFIG_HEADERS  = 
  CONFIG_LINKS    = 
  CONFIG_COMMANDS = 
  $ ./config.status 

on suchakra-desktop

config.status:579: creating Makefile
config.status:683: creating vvp_config.h
config.status:792: vvp_config.h is unchanged

## ---------------- ##
## Cache variables. ##
## ---------------- ##

ac_cv_build=i686-pc-linux
ac_cv_build_alias=i686-pc-linux
ac_cv_c_compiler_gnu=yes
ac_cv_env_CC_set=
ac_cv_env_CC_value=
ac_cv_env_CFLAGS_set=
ac_cv_env_CFLAGS_value=
ac_cv_env_CPPFLAGS_set=
ac_cv_env_CPPFLAGS_value=
ac_cv_env_CPP_set=
ac_cv_env_CPP_value=
ac_cv_env_LDFLAGS_set=
ac_cv_env_LDFLAGS_value=
ac_cv_env_build_alias_set=
ac_cv_env_build_alias_value=
ac_cv_env_host_alias_set=
ac_cv_env_host_alias_value=
ac_cv_env_target_alias_set=
ac_cv_env_target_alias_value=
ac_cv_exeext=
ac_cv_func_fopen64=yes
ac_cv_header_inttypes_h=yes
ac_cv_header_malloc_h=yes
ac_cv_header_memory_h=yes
ac_cv_header_stdc=yes
ac_cv_header_stdint_h=yes
ac_cv_header_stdlib_h=yes
ac_cv_header_string_h=yes
ac_cv_header_strings_h=yes
ac_cv_header_sys_stat_h=yes
ac_cv_header_sys_types_h=yes
ac_cv_header_unistd_h=yes
ac_cv_host=i686-pc-linux
ac_cv_host_alias=i686-pc-linux
ac_cv_objext=o
ac_cv_path_install='/usr/bin/install -c'
ac_cv_prog_CPP='gcc -E'
ac_cv_prog_ac_ct_CC=gcc
ac_cv_prog_cc_g=yes
ax_cv_cpp_ident=yes

## ----------- ##
## confdefs.h. ##
## ----------- ##

#define PACKAGE_NAME ""
#define PACKAGE_TARNAME ""
#define PACKAGE_VERSION ""
#define PACKAGE_STRING ""
#define PACKAGE_BUGREPORT ""
#define STDC_HEADERS 1
#define HAVE_SYS_TYPES_H 1
#define HAVE_SYS_STAT_H 1
#define HAVE_STDLIB_H 1
#define HAVE_STRING_H 1
#define HAVE_MEMORY_H 1
#define HAVE_STRINGS_H 1
#define HAVE_INTTYPES_H 1
#define HAVE_STDINT_H 1
#define HAVE_UNISTD_H 1
#define HAVE_MALLOC_H 1
#define _LARGEFILE_SOURCE 1
#define _LARGEFILE64_SOURCE 1
#define HAVE_FOPEN64 1

configure: exit 0
