This file contains any messages produced by compilers while
running configure, to aid debugging if configure makes a mistake.

It was created by configure, which was
generated by GNU Autoconf 2.53.  Invocation command line was

  $ ./configure --prefix=/usr/local --cache-file=/dev/null --srcdir=.

## --------- ##
## Platform. ##
## --------- ##

hostname = suchakra-desktop
uname -m = i686
uname -r = 2.6.28-11-generic
uname -s = Linux
uname -v = #42-Ubuntu SMP Fri Apr 17 01:57:59 UTC 2009

/usr/bin/uname -p = unknown
/bin/uname -X     = unknown

/bin/arch              = unknown
/usr/bin/arch -k       = unknown
/usr/convex/getsysinfo = unknown
hostinfo               = unknown
/bin/machine           = unknown
/usr/bin/oslevel       = unknown
/bin/universe          = unknown

PATH: /usr/local/sbin
PATH: /usr/local/bin
PATH: /usr/sbin
PATH: /usr/bin
PATH: /sbin
PATH: /bin
PATH: /usr/games
PATH: /opt/cross-compiler/usr/local/arm/4.3.2/bin


## ----------- ##
## Core tests. ##
## ----------- ##

configure:1242: checking for gcc
configure:1258: found /usr/bin/gcc
configure:1268: result: gcc
configure:1512: checking for C compiler version
configure:1515: gcc --version </dev/null >&5
gcc (Ubuntu 4.3.3-5ubuntu4) 4.3.3
Copyright (C) 2008 Free Software Foundation, Inc.
This is free software; see the source for copying conditions.  There is NO
warranty; not even for MERCHANTABILITY or FITNESS FOR A PARTICULAR PURPOSE.

configure:1518: $? = 0
configure:1520: gcc -v </dev/null >&5
Using built-in specs.
Target: i486-linux-gnu
Configured with: ../src/configure -v --with-pkgversion='Ubuntu 4.3.3-5ubuntu4' --with-bugurl=file:///usr/share/doc/gcc-4.3/README.Bugs --enable-languages=c,c++,fortran,objc,obj-c++ --prefix=/usr --enable-shared --with-system-zlib --libexecdir=/usr/lib --without-included-gettext --enable-threads=posix --enable-nls --with-gxx-include-dir=/usr/include/c++/4.3 --program-suffix=-4.3 --enable-clocale=gnu --enable-libstdcxx-debug --enable-objc-gc --enable-mpfr --enable-targets=all --with-tune=generic --enable-checking=release --build=i486-linux-gnu --host=i486-linux-gnu --target=i486-linux-gnu
Thread model: posix
gcc version 4.3.3 (Ubuntu 4.3.3-5ubuntu4) 
configure:1523: $? = 0
configure:1525: gcc -V </dev/null >&5
gcc: '-V' option must have argument
configure:1528: $? = 1
configure:1554: checking for C compiler default output
configure:1557: gcc    conftest.c  >&5
configure:1560: $? = 0
configure:1593: result: a.out
configure:1598: checking whether the C compiler works
configure:1604: ./a.out
configure:1607: $? = 0
configure:1622: result: yes
configure:1629: checking whether we are cross compiling
configure:1631: result: no
configure:1634: checking for suffix of executables
configure:1636: gcc -o conftest    conftest.c  >&5
configure:1639: $? = 0
configure:1661: result: 
configure:1667: checking for suffix of object files
configure:1691: gcc -c   conftest.c >&5
configure:1694: $? = 0
configure:1713: result: o
configure:1717: checking whether we are using the GNU C compiler
configure:1744: gcc -c   conftest.c >&5
configure:1747: $? = 0
configure:1750: test -s conftest.o
configure:1753: $? = 0
configure:1765: result: yes
configure:1771: checking whether gcc accepts -g
configure:1795: gcc -c -g  conftest.c >&5
configure:1798: $? = 0
configure:1801: test -s conftest.o
configure:1804: $? = 0
configure:1814: result: yes
configure:1841: gcc -c -g -O2  conftest.c >&5
conftest.c:2: error: expected '=', ',', ';', 'asm' or '__attribute__' before 'me'
configure:1844: $? = 1
configure: failed program was:
#ifndef __cplusplus
  choke me
#endif
configure:2006: checking for g++
configure:2022: found /usr/bin/g++
configure:2032: result: g++
configure:2048: checking for C++ compiler version
configure:2051: g++ --version </dev/null >&5
g++ (Ubuntu 4.3.3-5ubuntu4) 4.3.3
Copyright (C) 2008 Free Software Foundation, Inc.
This is free software; see the source for copying conditions.  There is NO
warranty; not even for MERCHANTABILITY or FITNESS FOR A PARTICULAR PURPOSE.

configure:2054: $? = 0
configure:2056: g++ -v </dev/null >&5
Using built-in specs.
Target: i486-linux-gnu
Configured with: ../src/configure -v --with-pkgversion='Ubuntu 4.3.3-5ubuntu4' --with-bugurl=file:///usr/share/doc/gcc-4.3/README.Bugs --enable-languages=c,c++,fortran,objc,obj-c++ --prefix=/usr --enable-shared --with-system-zlib --libexecdir=/usr/lib --without-included-gettext --enable-threads=posix --enable-nls --with-gxx-include-dir=/usr/include/c++/4.3 --program-suffix=-4.3 --enable-clocale=gnu --enable-libstdcxx-debug --enable-objc-gc --enable-mpfr --enable-targets=all --with-tune=generic --enable-checking=release --build=i486-linux-gnu --host=i486-linux-gnu --target=i486-linux-gnu
Thread model: posix
gcc version 4.3.3 (Ubuntu 4.3.3-5ubuntu4) 
configure:2059: $? = 0
configure:2061: g++ -V </dev/null >&5
g++: '-V' option must have argument
configure:2064: $? = 1
configure:2067: checking whether we are using the GNU C++ compiler
configure:2094: g++ -c   conftest.cc >&5
configure:2097: $? = 0
configure:2100: test -s conftest.o
configure:2103: $? = 0
configure:2115: result: yes
configure:2121: checking whether g++ accepts -g
configure:2145: g++ -c -g  conftest.cc >&5
configure:2148: $? = 0
configure:2151: test -s conftest.o
configure:2154: $? = 0
configure:2164: result: yes
configure:2210: g++ -c -g -O2  conftest.cc >&5
configure:2213: $? = 0
configure:2216: test -s conftest.o
configure:2219: $? = 0
configure:2247: g++ -c -g -O2  conftest.cc >&5
configure: In function 'int main()':
configure:2239: error: 'exit' was not declared in this scope
configure:2250: $? = 1
configure: failed program was:
#line 2228 "configure"
#include "confdefs.h"

#ifdef F77_DUMMY_MAIN
#  ifdef __cplusplus
     extern "C"
#  endif
   int F77_DUMMY_MAIN() { return 1; }
#endif
int
main ()
{
exit (42);
  ;
  return 0;
}
configure:2210: g++ -c -g -O2  conftest.cc >&5
configure:2213: $? = 0
configure:2216: test -s conftest.o
configure:2219: $? = 0
configure:2247: g++ -c -g -O2  conftest.cc >&5
configure:2250: $? = 0
configure:2253: test -s conftest.o
configure:2256: $? = 0
configure:2319: checking for strip
configure:2335: found /usr/bin/strip
configure:2346: result: strip
configure:2362: checking for flex
configure:2378: found /usr/bin/flex
configure:2388: result: flex
configure:2441: checking build system type
configure:2459: result: i686-pc-linux
configure:2469: checking host system type
configure:2483: result: i686-pc-linux
configure:2504: checking for Microsoft Windows
configure:2512: result: no
configure:2517: checking for ident support in C compiler
configure:2543: gcc -c -g -O2  conftest.c >&5
configure:2546: $? = 0
configure:2549: test -s conftest.o
configure:2552: $? = 0
configure:2562: result: yes
configure:2580: checking how to run the C preprocessor
configure:2606: gcc -E  conftest.c
configure:2612: $? = 0
configure:2639: gcc -E  conftest.c
configure:2635:28: error: ac_nonexistent.h: No such file or directory
configure:2645: $? = 1
configure: failed program was:
#line 2634 "configure"
#include "confdefs.h"
#include <ac_nonexistent.h>
configure:2682: result: gcc -E
configure:2697: gcc -E  conftest.c
configure:2703: $? = 0
configure:2730: gcc -E  conftest.c
configure:2726:28: error: ac_nonexistent.h: No such file or directory
configure:2736: $? = 1
configure: failed program was:
#line 2725 "configure"
#include "confdefs.h"
#include <ac_nonexistent.h>
configure:2776: checking for ANSI C header files
configure:2790: gcc -E  conftest.c
configure:2796: $? = 0
configure:2883: gcc -o conftest -g -O2   conftest.c  >&5
configure: In function 'main':
configure:2874: warning: incompatible implicit declaration of built-in function 'exit'
configure:2886: $? = 0
configure:2888: ./conftest
configure:2891: $? = 0
configure:2905: result: yes
configure:2929: checking for sys/types.h
configure:2942: gcc -c -g -O2  conftest.c >&5
configure:2945: $? = 0
configure:2948: test -s conftest.o
configure:2951: $? = 0
configure:2961: result: yes
configure:2929: checking for sys/stat.h
configure:2942: gcc -c -g -O2  conftest.c >&5
configure:2945: $? = 0
configure:2948: test -s conftest.o
configure:2951: $? = 0
configure:2961: result: yes
configure:2929: checking for stdlib.h
configure:2942: gcc -c -g -O2  conftest.c >&5
configure:2945: $? = 0
configure:2948: test -s conftest.o
configure:2951: $? = 0
configure:2961: result: yes
configure:2929: checking for string.h
configure:2942: gcc -c -g -O2  conftest.c >&5
configure:2945: $? = 0
configure:2948: test -s conftest.o
configure:2951: $? = 0
configure:2961: result: yes
configure:2929: checking for memory.h
configure:2942: gcc -c -g -O2  conftest.c >&5
configure:2945: $? = 0
configure:2948: test -s conftest.o
configure:2951: $? = 0
configure:2961: result: yes
configure:2929: checking for strings.h
configure:2942: gcc -c -g -O2  conftest.c >&5
configure:2945: $? = 0
configure:2948: test -s conftest.o
configure:2951: $? = 0
configure:2961: result: yes
configure:2929: checking for inttypes.h
configure:2942: gcc -c -g -O2  conftest.c >&5
configure:2945: $? = 0
configure:2948: test -s conftest.o
configure:2951: $? = 0
configure:2961: result: yes
configure:2929: checking for stdint.h
configure:2942: gcc -c -g -O2  conftest.c >&5
configure:2945: $? = 0
configure:2948: test -s conftest.o
configure:2951: $? = 0
configure:2961: result: yes
configure:2929: checking for unistd.h
configure:2942: gcc -c -g -O2  conftest.c >&5
configure:2945: $? = 0
configure:2948: test -s conftest.o
configure:2951: $? = 0
configure:2961: result: yes
configure:2988: checking malloc.h usability
configure:2997: gcc -c -g -O2  conftest.c >&5
configure:3000: $? = 0
configure:3003: test -s conftest.o
configure:3006: $? = 0
configure:3015: result: yes
configure:3019: checking malloc.h presence
configure:3026: gcc -E  conftest.c
configure:3032: $? = 0
configure:3050: result: yes
configure:3068: checking for malloc.h
configure:3075: result: yes
configure:2979: checking for inttypes.h
configure:2984: result: yes
configure:3090: checking for gzwrite in -lz
configure:3123: gcc -o conftest -g -O2   conftest.c -lz   >&5
configure:3126: $? = 0
configure:3129: test -s conftest
configure:3132: $? = 0
configure:3143: result: yes
configure:3154: checking for gzwrite in -lz
configure:3207: result: yes
configure:3278: checking for BZ2_bzdopen in -lbz2
configure:3311: gcc -o conftest -g -O2   conftest.c -lbz2  -lz  >&5
/usr/bin/ld: cannot find -lbz2
collect2: ld returned 1 exit status
configure:3314: $? = 1
configure: failed program was:
#line 3285 "configure"
#include "confdefs.h"

/* Override any gcc2 internal prototype to avoid an error.  */
#ifdef __cplusplus
extern "C"
#endif
/* We use char because int might match the return type of a gcc2
   builtin and then its argument prototype would still apply.  */
char BZ2_bzdopen ();
#ifdef F77_DUMMY_MAIN
#  ifdef __cplusplus
     extern "C"
#  endif
   int F77_DUMMY_MAIN() { return 1; }
#endif
int
main ()
{
BZ2_bzdopen ();
  ;
  return 0;
}
configure:3331: result: no
configure:3363: checking dlfcn.h usability
configure:3372: gcc -c -g -O2  conftest.c >&5
configure:3375: $? = 0
configure:3378: test -s conftest.o
configure:3381: $? = 0
configure:3390: result: yes
configure:3394: checking dlfcn.h presence
configure:3401: gcc -E  conftest.c
configure:3407: $? = 0
configure:3425: result: yes
configure:3443: checking for dlfcn.h
configure:3450: result: yes
configure:3465: checking for dlopen in -ldl
configure:3498: gcc -o conftest -g -O2   conftest.c -ldl  -lz  >&5
configure:3501: $? = 0
configure:3504: test -s conftest
configure:3507: $? = 0
configure:3518: result: yes
configure:3599: checking for a BSD-compatible install
configure:3653: result: /usr/bin/install -c
configure:3671: checking whether byte ordering is bigendian
configure:3701: gcc -c -g -O2  conftest.c >&5
configure:3704: $? = 0
configure:3707: test -s conftest.o
configure:3710: $? = 0
configure:3737: gcc -c -g -O2  conftest.c >&5
configure: In function 'main':
configure:3727: error: 'not' undeclared (first use in this function)
configure:3727: error: (Each undeclared identifier is reported only once
configure:3727: error: for each function it appears in.)
configure:3727: error: expected ';' before 'big'
configure:3740: $? = 1
configure: failed program was:
#line 3713 "configure"
#include "confdefs.h"
#include <sys/types.h>
#include <sys/param.h>

#ifdef F77_DUMMY_MAIN
#  ifdef __cplusplus
     extern "C"
#  endif
   int F77_DUMMY_MAIN() { return 1; }
#endif
int
main ()
{
#if BYTE_ORDER != BIG_ENDIAN
 not big endian
#endif

  ;
  return 0;
}
configure:3854: result: no
configure:3901: checking "for flag to make position independent code"
configure:3916: result: -fPIC
configure:3919: checking for extra libs needed
configure:3930: result: 
configure:3945: checking "for -rdynamic compiler flag"
configure:3974: result: -rdynamic
configure:3977: result: 
configure:3980: checking "for shared library link flag"
configure:4003: result: -shared
configure:4006: checking for ident support in C compiler
configure:4051: result: yes
configure:4061: checking for libdir64 path
configure:4068: result: ${exec_prefix}/lib
configure:4072: checking for VPI subdirectories
configure:4081: result: . 
configure:4165: creating ./config.status

## ---------------------- ##
## Running config.status. ##
## ---------------------- ##

This file was extended by config.status, which was
generated by GNU Autoconf 2.53.  Invocation command line was

  CONFIG_FILES    = 
  CONFIG_HEADERS  = 
  CONFIG_LINKS    = 
  CONFIG_COMMANDS = 
  $ ./config.status 

on suchakra-desktop

config.status:595: creating Makefile
config.status:699: creating vpi_config.h
config.status:810: vpi_config.h is unchanged

## ---------------- ##
## Cache variables. ##
## ---------------- ##

ac_cv_build=i686-pc-linux
ac_cv_build_alias=i686-pc-linux
ac_cv_c_bigendian=no
ac_cv_c_compiler_gnu=yes
ac_cv_cxx_compiler_gnu=yes
ac_cv_env_CC_set=
ac_cv_env_CC_value=
ac_cv_env_CFLAGS_set=
ac_cv_env_CFLAGS_value=
ac_cv_env_CPPFLAGS_set=
ac_cv_env_CPPFLAGS_value=
ac_cv_env_CPP_set=
ac_cv_env_CPP_value=
ac_cv_env_CXXFLAGS_set=
ac_cv_env_CXXFLAGS_value=
ac_cv_env_CXX_set=
ac_cv_env_CXX_value=
ac_cv_env_LDFLAGS_set=
ac_cv_env_LDFLAGS_value=
ac_cv_env_build_alias_set=
ac_cv_env_build_alias_value=
ac_cv_env_host_alias_set=
ac_cv_env_host_alias_value=
ac_cv_env_target_alias_set=
ac_cv_env_target_alias_value=
ac_cv_exeext=
ac_cv_header_dlfcn_h=yes
ac_cv_header_inttypes_h=yes
ac_cv_header_malloc_h=yes
ac_cv_header_memory_h=yes
ac_cv_header_stdc=yes
ac_cv_header_stdint_h=yes
ac_cv_header_stdlib_h=yes
ac_cv_header_string_h=yes
ac_cv_header_strings_h=yes
ac_cv_header_sys_stat_h=yes
ac_cv_header_sys_types_h=yes
ac_cv_header_unistd_h=yes
ac_cv_host=i686-pc-linux
ac_cv_host_alias=i686-pc-linux
ac_cv_lib_bz2_BZ2_bzdopen=no
ac_cv_lib_dl_dlopen=yes
ac_cv_lib_z_gzwrite=yes
ac_cv_objext=o
ac_cv_path_install='/usr/bin/install -c'
ac_cv_prog_CPP='gcc -E'
ac_cv_prog_LEX=flex
ac_cv_prog_ac_ct_CC=gcc
ac_cv_prog_ac_ct_CXX=g++
ac_cv_prog_ac_ct_STRIP=strip
ac_cv_prog_cc_g=yes
ac_cv_prog_cxx_g=yes
ax_cv_cpp_ident=yes

## ----------- ##
## confdefs.h. ##
## ----------- ##

#define PACKAGE_NAME ""
#define PACKAGE_TARNAME ""
#define PACKAGE_VERSION ""
#define PACKAGE_STRING ""
#define PACKAGE_BUGREPORT ""
#ifdef __cplusplus
#include <stdlib.h>
#endif
#define STDC_HEADERS 1
#define HAVE_SYS_TYPES_H 1
#define HAVE_SYS_STAT_H 1
#define HAVE_STDLIB_H 1
#define HAVE_STRING_H 1
#define HAVE_MEMORY_H 1
#define HAVE_STRINGS_H 1
#define HAVE_INTTYPES_H 1
#define HAVE_STDINT_H 1
#define HAVE_UNISTD_H 1
#define HAVE_MALLOC_H 1
#define HAVE_INTTYPES_H 1
#define HAVE_LIBZ 1
#define HAVE_DLFCN_H 1
#define _LARGEFILE_SOURCE 1

configure: exit 0
