This file contains any messages produced by compilers while
running configure, to aid debugging if configure makes a mistake.

It was created by configure, which was
generated by GNU Autoconf 2.53.  Invocation command line was

  $ ./configure 

## --------- ##
## Platform. ##
## --------- ##

hostname = suchakra-desktop
uname -m = i686
uname -r = 2.6.28-11-generic
uname -s = Linux
uname -v = #42-Ubuntu SMP Fri Apr 17 01:57:59 UTC 2009

/usr/bin/uname -p = unknown
/bin/uname -X     = unknown

/bin/arch              = unknown
/usr/bin/arch -k       = unknown
/usr/convex/getsysinfo = unknown
hostinfo               = unknown
/bin/machine           = unknown
/usr/bin/oslevel       = unknown
/bin/universe          = unknown

PATH: /usr/local/sbin
PATH: /usr/local/bin
PATH: /usr/sbin
PATH: /usr/bin
PATH: /sbin
PATH: /bin
PATH: /usr/games
PATH: /opt/cross-compiler/usr/local/arm/4.3.2/bin


## ----------- ##
## Core tests. ##
## ----------- ##

configure:1245: checking for gcc
configure:1261: found /usr/bin/gcc
configure:1271: result: gcc
configure:1515: checking for C compiler version
configure:1518: gcc --version </dev/null >&5
gcc (Ubuntu 4.3.3-5ubuntu4) 4.3.3
Copyright (C) 2008 Free Software Foundation, Inc.
This is free software; see the source for copying conditions.  There is NO
warranty; not even for MERCHANTABILITY or FITNESS FOR A PARTICULAR PURPOSE.

configure:1521: $? = 0
configure:1523: gcc -v </dev/null >&5
Using built-in specs.
Target: i486-linux-gnu
Configured with: ../src/configure -v --with-pkgversion='Ubuntu 4.3.3-5ubuntu4' --with-bugurl=file:///usr/share/doc/gcc-4.3/README.Bugs --enable-languages=c,c++,fortran,objc,obj-c++ --prefix=/usr --enable-shared --with-system-zlib --libexecdir=/usr/lib --without-included-gettext --enable-threads=posix --enable-nls --with-gxx-include-dir=/usr/include/c++/4.3 --program-suffix=-4.3 --enable-clocale=gnu --enable-libstdcxx-debug --enable-objc-gc --enable-mpfr --enable-targets=all --with-tune=generic --enable-checking=release --build=i486-linux-gnu --host=i486-linux-gnu --target=i486-linux-gnu
Thread model: posix
gcc version 4.3.3 (Ubuntu 4.3.3-5ubuntu4) 
configure:1526: $? = 0
configure:1528: gcc -V </dev/null >&5
gcc: '-V' option must have argument
configure:1531: $? = 1
configure:1557: checking for C compiler default output
configure:1560: gcc    conftest.c  >&5
configure:1563: $? = 0
configure:1596: result: a.out
configure:1601: checking whether the C compiler works
configure:1607: ./a.out
configure:1610: $? = 0
configure:1625: result: yes
configure:1632: checking whether we are cross compiling
configure:1634: result: no
configure:1637: checking for suffix of executables
configure:1639: gcc -o conftest    conftest.c  >&5
configure:1642: $? = 0
configure:1664: result: 
configure:1670: checking for suffix of object files
configure:1694: gcc -c   conftest.c >&5
configure:1697: $? = 0
configure:1716: result: o
configure:1720: checking whether we are using the GNU C compiler
configure:1747: gcc -c   conftest.c >&5
configure:1750: $? = 0
configure:1753: test -s conftest.o
configure:1756: $? = 0
configure:1768: result: yes
configure:1774: checking whether gcc accepts -g
configure:1798: gcc -c -g  conftest.c >&5
configure:1801: $? = 0
configure:1804: test -s conftest.o
configure:1807: $? = 0
configure:1817: result: yes
configure:1844: gcc -c -g -O2  conftest.c >&5
conftest.c:2: error: expected '=', ',', ';', 'asm' or '__attribute__' before 'me'
configure:1847: $? = 1
configure: failed program was:
#ifndef __cplusplus
  choke me
#endif
configure:2009: checking for g++
configure:2025: found /usr/bin/g++
configure:2035: result: g++
configure:2051: checking for C++ compiler version
configure:2054: g++ --version </dev/null >&5
g++ (Ubuntu 4.3.3-5ubuntu4) 4.3.3
Copyright (C) 2008 Free Software Foundation, Inc.
This is free software; see the source for copying conditions.  There is NO
warranty; not even for MERCHANTABILITY or FITNESS FOR A PARTICULAR PURPOSE.

configure:2057: $? = 0
configure:2059: g++ -v </dev/null >&5
Using built-in specs.
Target: i486-linux-gnu
Configured with: ../src/configure -v --with-pkgversion='Ubuntu 4.3.3-5ubuntu4' --with-bugurl=file:///usr/share/doc/gcc-4.3/README.Bugs --enable-languages=c,c++,fortran,objc,obj-c++ --prefix=/usr --enable-shared --with-system-zlib --libexecdir=/usr/lib --without-included-gettext --enable-threads=posix --enable-nls --with-gxx-include-dir=/usr/include/c++/4.3 --program-suffix=-4.3 --enable-clocale=gnu --enable-libstdcxx-debug --enable-objc-gc --enable-mpfr --enable-targets=all --with-tune=generic --enable-checking=release --build=i486-linux-gnu --host=i486-linux-gnu --target=i486-linux-gnu
Thread model: posix
gcc version 4.3.3 (Ubuntu 4.3.3-5ubuntu4) 
configure:2062: $? = 0
configure:2064: g++ -V </dev/null >&5
g++: '-V' option must have argument
configure:2067: $? = 1
configure:2070: checking whether we are using the GNU C++ compiler
configure:2097: g++ -c   conftest.cc >&5
configure:2100: $? = 0
configure:2103: test -s conftest.o
configure:2106: $? = 0
configure:2118: result: yes
configure:2124: checking whether g++ accepts -g
configure:2148: g++ -c -g  conftest.cc >&5
configure:2151: $? = 0
configure:2154: test -s conftest.o
configure:2157: $? = 0
configure:2167: result: yes
configure:2213: g++ -c -g -O2  conftest.cc >&5
configure:2216: $? = 0
configure:2219: test -s conftest.o
configure:2222: $? = 0
configure:2250: g++ -c -g -O2  conftest.cc >&5
configure: In function 'int main()':
configure:2242: error: 'exit' was not declared in this scope
configure:2253: $? = 1
configure: failed program was:
#line 2231 "configure"
#include "confdefs.h"

#ifdef F77_DUMMY_MAIN
#  ifdef __cplusplus
     extern "C"
#  endif
   int F77_DUMMY_MAIN() { return 1; }
#endif
int
main ()
{
exit (42);
  ;
  return 0;
}
configure:2213: g++ -c -g -O2  conftest.cc >&5
configure:2216: $? = 0
configure:2219: test -s conftest.o
configure:2222: $? = 0
configure:2250: g++ -c -g -O2  conftest.cc >&5
configure:2253: $? = 0
configure:2256: test -s conftest.o
configure:2259: $? = 0
configure:2322: checking for strip
configure:2338: found /usr/bin/strip
configure:2349: result: strip
configure:2365: checking for gperf
configure:2381: found /usr/bin/gperf
configure:2391: result: gperf
configure:2417: checking for flex
configure:2433: found /usr/bin/flex
configure:2443: result: flex
configure:2465: checking for bison
configure:2481: found /usr/bin/bison
configure:2491: result: bison
configure:2544: checking build system type
configure:2562: result: i686-pc-linux
configure:2572: checking host system type
configure:2586: result: i686-pc-linux
configure:2607: checking for Microsoft Windows
configure:2615: result: no
configure:2637: checking how to run the C++ preprocessor
configure:2659: g++ -E  conftest.cc
configure:2665: $? = 0
configure:2692: g++ -E  conftest.cc
configure:2688:28: error: ac_nonexistent.h: No such file or directory
configure:2698: $? = 1
configure: failed program was:
#line 2687 "configure"
#include "confdefs.h"
#include <ac_nonexistent.h>
configure:2735: result: g++ -E
configure:2750: g++ -E  conftest.cc
configure:2756: $? = 0
configure:2783: g++ -E  conftest.cc
configure:2779:28: error: ac_nonexistent.h: No such file or directory
configure:2789: $? = 1
configure: failed program was:
#line 2778 "configure"
#include "confdefs.h"
#include <ac_nonexistent.h>
configure:2829: checking for ANSI C header files
configure:2843: g++ -E  conftest.cc
configure:2849: $? = 0
configure:2936: g++ -o conftest -g -O2   conftest.cc  >&5
configure:2939: $? = 0
configure:2941: ./conftest
configure:2944: $? = 0
configure:2958: result: yes
configure:2982: checking for sys/types.h
configure:2995: g++ -c -g -O2  conftest.cc >&5
configure:2998: $? = 0
configure:3001: test -s conftest.o
configure:3004: $? = 0
configure:3014: result: yes
configure:2982: checking for sys/stat.h
configure:2995: g++ -c -g -O2  conftest.cc >&5
configure:2998: $? = 0
configure:3001: test -s conftest.o
configure:3004: $? = 0
configure:3014: result: yes
configure:2982: checking for stdlib.h
configure:2995: g++ -c -g -O2  conftest.cc >&5
configure:2998: $? = 0
configure:3001: test -s conftest.o
configure:3004: $? = 0
configure:3014: result: yes
configure:2982: checking for string.h
configure:2995: g++ -c -g -O2  conftest.cc >&5
configure:2998: $? = 0
configure:3001: test -s conftest.o
configure:3004: $? = 0
configure:3014: result: yes
configure:2982: checking for memory.h
configure:2995: g++ -c -g -O2  conftest.cc >&5
configure:2998: $? = 0
configure:3001: test -s conftest.o
configure:3004: $? = 0
configure:3014: result: yes
configure:2982: checking for strings.h
configure:2995: g++ -c -g -O2  conftest.cc >&5
configure:2998: $? = 0
configure:3001: test -s conftest.o
configure:3004: $? = 0
configure:3014: result: yes
configure:2982: checking for inttypes.h
configure:2995: g++ -c -g -O2  conftest.cc >&5
configure:2998: $? = 0
configure:3001: test -s conftest.o
configure:3004: $? = 0
configure:3014: result: yes
configure:2982: checking for stdint.h
configure:2995: g++ -c -g -O2  conftest.cc >&5
configure:2998: $? = 0
configure:3001: test -s conftest.o
configure:3004: $? = 0
configure:3014: result: yes
configure:2982: checking for unistd.h
configure:2995: g++ -c -g -O2  conftest.cc >&5
configure:2998: $? = 0
configure:3001: test -s conftest.o
configure:3004: $? = 0
configure:3014: result: yes
configure:3045: checking getopt.h usability
configure:3054: g++ -c -g -O2  conftest.cc >&5
configure:3057: $? = 0
configure:3060: test -s conftest.o
configure:3063: $? = 0
configure:3072: result: yes
configure:3076: checking getopt.h presence
configure:3083: g++ -E  conftest.cc
configure:3089: $? = 0
configure:3107: result: yes
configure:3125: checking for getopt.h
configure:3132: result: yes
configure:3045: checking malloc.h usability
configure:3054: g++ -c -g -O2  conftest.cc >&5
configure:3057: $? = 0
configure:3060: test -s conftest.o
configure:3063: $? = 0
configure:3072: result: yes
configure:3076: checking malloc.h presence
configure:3083: g++ -E  conftest.cc
configure:3089: $? = 0
configure:3107: result: yes
configure:3125: checking for malloc.h
configure:3132: result: yes
configure:3036: checking for inttypes.h
configure:3041: result: yes
configure:3045: checking libiberty.h usability
configure:3054: g++ -c -g -O2  conftest.cc >&5
configure:3082:23: error: libiberty.h: No such file or directory
configure:3057: $? = 1
configure: failed program was:
#line 3047 "configure"
#include "confdefs.h"
#include <stdio.h>
#if HAVE_SYS_TYPES_H
# include <sys/types.h>
#endif
#if HAVE_SYS_STAT_H
# include <sys/stat.h>
#endif
#if STDC_HEADERS
# include <stdlib.h>
# include <stddef.h>
#else
# if HAVE_STDLIB_H
#  include <stdlib.h>
# endif
#endif
#if HAVE_STRING_H
# if !STDC_HEADERS && HAVE_MEMORY_H
#  include <memory.h>
# endif
# include <string.h>
#endif
#if HAVE_STRINGS_H
# include <strings.h>
#endif
#if HAVE_INTTYPES_H
# include <inttypes.h>
#else
# if HAVE_STDINT_H
#  include <stdint.h>
# endif
#endif
#if HAVE_UNISTD_H
# include <unistd.h>
#endif
#include <libiberty.h>
configure:3072: result: no
configure:3076: checking libiberty.h presence
configure:3083: g++ -E  conftest.cc
configure:3079:23: error: libiberty.h: No such file or directory
configure:3089: $? = 1
configure: failed program was:
#line 3078 "configure"
#include "confdefs.h"
#include <libiberty.h>
configure:3107: result: no
configure:3125: checking for libiberty.h
configure:3132: result: no
configure:3045: checking iosfwd usability
configure:3054: g++ -c -g -O2  conftest.cc >&5
configure:3057: $? = 0
configure:3060: test -s conftest.o
configure:3063: $? = 0
configure:3072: result: yes
configure:3076: checking iosfwd presence
configure:3083: g++ -E  conftest.cc
configure:3089: $? = 0
configure:3107: result: yes
configure:3125: checking for iosfwd
configure:3132: result: yes
configure:3045: checking sys/wait.h usability
configure:3054: g++ -c -g -O2  conftest.cc >&5
configure:3057: $? = 0
configure:3060: test -s conftest.o
configure:3063: $? = 0
configure:3072: result: yes
configure:3076: checking sys/wait.h presence
configure:3083: g++ -E  conftest.cc
configure:3089: $? = 0
configure:3107: result: yes
configure:3125: checking for sys/wait.h
configure:3132: result: yes
configure:3147: checking for gzwrite in -lz
configure:3180: g++ -o conftest -g -O2   conftest.cc -lz   >&5
configure:3183: $? = 0
configure:3186: test -s conftest
configure:3189: $? = 0
configure:3200: result: yes
configure:3211: checking for gzwrite in -lz
configure:3264: result: yes
configure:3335: checking for BZ2_bzdopen in -lbz2
configure:3368: g++ -o conftest -g -O2   conftest.cc -lbz2  -lz  >&5
/usr/bin/ld: cannot find -lbz2
collect2: ld returned 1 exit status
configure:3371: $? = 1
configure: failed program was:
#line 3342 "configure"
#include "confdefs.h"

/* Override any gcc2 internal prototype to avoid an error.  */
#ifdef __cplusplus
extern "C"
#endif
/* We use char because int might match the return type of a gcc2
   builtin and then its argument prototype would still apply.  */
char BZ2_bzdopen ();
#ifdef F77_DUMMY_MAIN
#  ifdef __cplusplus
     extern "C"
#  endif
   int F77_DUMMY_MAIN() { return 1; }
#endif
int
main ()
{
BZ2_bzdopen ();
  ;
  return 0;
}
configure:3388: result: no
configure:3401: checking for sys/times
configure:3424: g++ -o conftest -g -O2   conftest.cc -lz  >&5
configure:3427: $? = 0
configure:3430: test -s conftest
configure:3433: $? = 0
configure:3447: result: yes
configure:3469: checking dlfcn.h usability
configure:3478: g++ -c -g -O2  conftest.cc >&5
configure:3481: $? = 0
configure:3484: test -s conftest.o
configure:3487: $? = 0
configure:3496: result: yes
configure:3500: checking dlfcn.h presence
configure:3507: g++ -E  conftest.cc
configure:3513: $? = 0
configure:3531: result: yes
configure:3549: checking for dlfcn.h
configure:3556: result: yes
configure:3571: checking for dlopen in -ldl
configure:3604: g++ -o conftest -g -O2   conftest.cc -ldl  -lz  >&5
configure:3607: $? = 0
configure:3610: test -s conftest
configure:3613: $? = 0
configure:3624: result: yes
configure:3705: checking for a BSD-compatible install
configure:3759: result: /usr/bin/install -c
configure:3778: checking whether byte ordering is bigendian
configure:3808: gcc -c -g -O2  conftest.c >&5
configure:3811: $? = 0
configure:3814: test -s conftest.o
configure:3817: $? = 0
configure:3844: gcc -c -g -O2  conftest.c >&5
configure: In function 'main':
configure:3834: error: 'not' undeclared (first use in this function)
configure:3834: error: (Each undeclared identifier is reported only once
configure:3834: error: for each function it appears in.)
configure:3834: error: expected ';' before 'big'
configure:3847: $? = 1
configure: failed program was:
#line 3820 "configure"
#include "confdefs.h"
#include <sys/types.h>
#include <sys/param.h>

#ifdef F77_DUMMY_MAIN
#  ifdef __cplusplus
     extern "C"
#  endif
   int F77_DUMMY_MAIN() { return 1; }
#endif
int
main ()
{
#if BYTE_ORDER != BIG_ENDIAN
 not big endian
#endif

  ;
  return 0;
}
configure:3961: result: no
configure:3987: checking "for flag to make position independent code"
configure:4002: result: -fPIC
configure:4006: checking for extra libs needed
configure:4017: result: 
configure:4032: checking for -rdynamic compiler flag
configure:4061: result: -rdynamic
configure:4064: result: 
configure:4067: checking for shared library link flag
configure:4090: result: -shared
configure:4098: checking for leading underscores
configure:4107: gcc -c -g -O2  conftest.c >&5
configure:4110: $? = 0
configure:4113: test -s conftest.o
configure:4116: $? = 0
configure:4134: result: no
configure:4143: checking for trailing underscores
configure:4152: gcc -c -g -O2  conftest.c >&5
configure:4155: $? = 0
configure:4158: test -s conftest.o
configure:4161: $? = 0
configure:4179: result: no
configure:4193: checking for ident support in C compiler
configure:4219: gcc -c -g -O2  conftest.c >&5
configure:4222: $? = 0
configure:4225: test -s conftest.o
configure:4228: $? = 0
configure:4238: result: yes
configure:4248: checking for libdir64 path
configure:4255: result: ${exec_prefix}/lib
configure:4259: checking for VPI subdirectories
configure:4268: result: . 
configure:4357: creating ./config.status

## ---------------------- ##
## Running config.status. ##
## ---------------------- ##

This file was extended by config.status, which was
generated by GNU Autoconf 2.53.  Invocation command line was

  CONFIG_FILES    = 
  CONFIG_HEADERS  = 
  CONFIG_LINKS    = 
  CONFIG_COMMANDS = 
  $ ./config.status 

on suchakra-desktop

config.status:605: creating Makefile
config.status:605: creating ivlpp/Makefile
config.status:605: creating driver/Makefile
config.status:605: creating driver-vpi/Makefile
config.status:605: creating tgt-null/Makefile
config.status:605: creating tgt-stub/Makefile
config.status:605: creating tgt-verilog/Makefile
config.status:605: creating tgt-pal/Makefile
config.status:709: creating config.h
config.status:826: config.h is unchanged
config.status:709: creating _pli_types.h
config.status:826: _pli_types.h is unchanged
configure:5371: configuring in vpi
configure:5450: running /bin/bash './configure' --prefix=/usr/local  --cache-file=/dev/null --srcdir=.
configure:5371: configuring in vvp
configure:5450: running /bin/bash './configure' --prefix=/usr/local  --cache-file=/dev/null --srcdir=.
configure:5371: configuring in tgt-vvp
configure:5450: running /bin/bash './configure' --prefix=/usr/local  --cache-file=/dev/null --srcdir=.
configure:5371: configuring in tgt-fpga
configure:5450: running /bin/bash './configure' --prefix=/usr/local  --cache-file=/dev/null --srcdir=.
configure:5371: configuring in libveriuser
configure:5450: running /bin/bash './configure' --prefix=/usr/local  --cache-file=/dev/null --srcdir=.
configure:5371: configuring in cadpli
configure:5450: running /bin/bash './configure' --prefix=/usr/local  --cache-file=/dev/null --srcdir=.

## ---------------- ##
## Cache variables. ##
## ---------------- ##

ac_cv_build=i686-pc-linux
ac_cv_build_alias=i686-pc-linux
ac_cv_c_bigendian=no
ac_cv_c_compiler_gnu=yes
ac_cv_cxx_compiler_gnu=yes
ac_cv_env_CC_set=
ac_cv_env_CC_value=
ac_cv_env_CFLAGS_set=
ac_cv_env_CFLAGS_value=
ac_cv_env_CPPFLAGS_set=
ac_cv_env_CPPFLAGS_value=
ac_cv_env_CXXCPP_set=
ac_cv_env_CXXCPP_value=
ac_cv_env_CXXFLAGS_set=
ac_cv_env_CXXFLAGS_value=
ac_cv_env_CXX_set=
ac_cv_env_CXX_value=
ac_cv_env_LDFLAGS_set=
ac_cv_env_LDFLAGS_value=
ac_cv_env_build_alias_set=
ac_cv_env_build_alias_value=
ac_cv_env_host_alias_set=
ac_cv_env_host_alias_value=
ac_cv_env_target_alias_set=
ac_cv_env_target_alias_value=
ac_cv_exeext=
ac_cv_header_dlfcn_h=yes
ac_cv_header_getopt_h=yes
ac_cv_header_inttypes_h=yes
ac_cv_header_iosfwd=yes
ac_cv_header_libiberty_h=no
ac_cv_header_malloc_h=yes
ac_cv_header_memory_h=yes
ac_cv_header_stdc=yes
ac_cv_header_stdint_h=yes
ac_cv_header_stdlib_h=yes
ac_cv_header_string_h=yes
ac_cv_header_strings_h=yes
ac_cv_header_sys_stat_h=yes
ac_cv_header_sys_types_h=yes
ac_cv_header_sys_wait_h=yes
ac_cv_header_unistd_h=yes
ac_cv_host=i686-pc-linux
ac_cv_host_alias=i686-pc-linux
ac_cv_lib_bz2_BZ2_bzdopen=no
ac_cv_lib_dl_dlopen=yes
ac_cv_lib_z_gzwrite=yes
ac_cv_objext=o
ac_cv_path_install='/usr/bin/install -c'
ac_cv_prog_CXXCPP='g++ -E'
ac_cv_prog_LEX=flex
ac_cv_prog_XGPERF=gperf
ac_cv_prog_YACC=bison
ac_cv_prog_ac_ct_CC=gcc
ac_cv_prog_ac_ct_CXX=g++
ac_cv_prog_ac_ct_STRIP=strip
ac_cv_prog_cc_g=yes
ac_cv_prog_cxx_g=yes
ax_cv_c_underscores_leading=no
ax_cv_c_underscores_trailing=no
ax_cv_cpp_ident=yes

## ----------- ##
## confdefs.h. ##
## ----------- ##

#define PACKAGE_NAME ""
#define PACKAGE_TARNAME ""
#define PACKAGE_VERSION ""
#define PACKAGE_STRING ""
#define PACKAGE_BUGREPORT ""
#ifdef __cplusplus
#include <stdlib.h>
#endif
#define STDC_HEADERS 1
#define HAVE_SYS_TYPES_H 1
#define HAVE_SYS_STAT_H 1
#define HAVE_STDLIB_H 1
#define HAVE_STRING_H 1
#define HAVE_MEMORY_H 1
#define HAVE_STRINGS_H 1
#define HAVE_INTTYPES_H 1
#define HAVE_STDINT_H 1
#define HAVE_UNISTD_H 1
#define HAVE_GETOPT_H 1
#define HAVE_MALLOC_H 1
#define HAVE_INTTYPES_H 1
#define HAVE_IOSFWD 1
#define HAVE_SYS_WAIT_H 1
#define HAVE_LIBZ 1
#define HAVE_TIMES 1
#define HAVE_DLFCN_H 1

configure: exit 0
